{"/home/Raya/Resource-Share/backend/sendEmail.js": {"path":"/home/Raya/Resource-Share/backend/sendEmail.js","statementMap":{"0":{"start":{"line":2,"column":19},"end":{"line":2,"column":40}},"1":{"start":{"line":4,"column":26},"end":{"line":12,"column":1}},"2":{"start":{"line":5,"column":2},"end":{"line":11,"column":5}},"3":{"start":{"line":14,"column":18},"end":{"line":35,"column":1}},"4":{"start":{"line":15,"column":2},"end":{"line":34,"column":3}},"5":{"start":{"line":16,"column":4},"end":{"line":19,"column":5}},"6":{"start":{"line":17,"column":6},"end":{"line":17,"column":75}},"7":{"start":{"line":18,"column":6},"end":{"line":18,"column":13}},"8":{"start":{"line":21,"column":24},"end":{"line":21,"column":43}},"9":{"start":{"line":22,"column":17},"end":{"line":27,"column":6}},"10":{"start":{"line":29,"column":4},"end":{"line":29,"column":57}},"11":{"start":{"line":30,"column":4},"end":{"line":30,"column":16}},"12":{"start":{"line":32,"column":4},"end":{"line":32,"column":53}},"13":{"start":{"line":33,"column":4},"end":{"line":33,"column":14}},"14":{"start":{"line":37,"column":0},"end":{"line":37,"column":27}}},"fnMap":{"0":{"name":"(anonymous_0)","decl":{"start":{"line":4,"column":26},"end":{"line":4,"column":27}},"loc":{"start":{"line":4,"column":32},"end":{"line":12,"column":1}},"line":4},"1":{"name":"(anonymous_1)","decl":{"start":{"line":14,"column":18},"end":{"line":14,"column":19}},"loc":{"start":{"line":14,"column":47},"end":{"line":35,"column":1}},"line":14}},"branchMap":{"0":{"loc":{"start":{"line":6,"column":13},"end":{"line":6,"column":49}},"type":"binary-expr","locations":[{"start":{"line":6,"column":13},"end":{"line":6,"column":38}},{"start":{"line":6,"column":42},"end":{"line":6,"column":49}}],"line":6},"1":{"loc":{"start":{"line":16,"column":4},"end":{"line":19,"column":5}},"type":"if","locations":[{"start":{"line":16,"column":4},"end":{"line":19,"column":5}},{"start":{},"end":{}}],"line":16},"2":{"loc":{"start":{"line":16,"column":8},"end":{"line":16,"column":73}},"type":"binary-expr","locations":[{"start":{"line":16,"column":8},"end":{"line":16,"column":33}},{"start":{"line":16,"column":37},"end":{"line":16,"column":73}}],"line":16}},"s":{"0":1,"1":1,"2":0,"3":1,"4":0,"5":0,"6":0,"7":0,"8":0,"9":0,"10":0,"11":0,"12":0,"13":0,"14":1},"f":{"0":0,"1":0},"b":{"0":[0,0],"1":[0,0],"2":[0,0]},"_coverageSchema":"1a1c01bbd47fc00a2c39e90264f33305004495a9","hash":"16337485a9db4cf02bd93fd64c140dd21c443fb3"}
,"/home/Raya/Resource-Share/backend/server.js": {"path":"/home/Raya/Resource-Share/backend/server.js","statementMap":{"0":{"start":{"line":1,"column":0},"end":{"line":1,"column":27}},"1":{"start":{"line":3,"column":16},"end":{"line":3,"column":34}},"2":{"start":{"line":4,"column":17},"end":{"line":4,"column":36}},"3":{"start":{"line":5,"column":13},"end":{"line":5,"column":28}},"4":{"start":{"line":8,"column":20},"end":{"line":8,"column":45}},"5":{"start":{"line":9,"column":18},"end":{"line":9,"column":41}},"6":{"start":{"line":10,"column":24},"end":{"line":10,"column":53}},"7":{"start":{"line":11,"column":22},"end":{"line":11,"column":49}},"8":{"start":{"line":12,"column":25},"end":{"line":12,"column":55}},"9":{"start":{"line":13,"column":23},"end":{"line":13,"column":51}},"10":{"start":{"line":14,"column":27},"end":{"line":14,"column":59}},"11":{"start":{"line":15,"column":25},"end":{"line":15,"column":55}},"12":{"start":{"line":17,"column":12},"end":{"line":17,"column":21}},"13":{"start":{"line":19,"column":0},"end":{"line":19,"column":24}},"14":{"start":{"line":20,"column":0},"end":{"line":20,"column":16}},"15":{"start":{"line":22,"column":0},"end":{"line":25,"column":3}},"16":{"start":{"line":24,"column":2},"end":{"line":24,"column":9}},"17":{"start":{"line":27,"column":0},"end":{"line":27,"column":35}},"18":{"start":{"line":28,"column":0},"end":{"line":28,"column":30}},"19":{"start":{"line":29,"column":0},"end":{"line":29,"column":37}},"20":{"start":{"line":30,"column":0},"end":{"line":30,"column":34}},"21":{"start":{"line":31,"column":0},"end":{"line":31,"column":38}},"22":{"start":{"line":32,"column":0},"end":{"line":32,"column":35}},"23":{"start":{"line":33,"column":0},"end":{"line":33,"column":40}},"24":{"start":{"line":34,"column":0},"end":{"line":34,"column":37}},"25":{"start":{"line":36,"column":0},"end":{"line":46,"column":5}},"26":{"start":{"line":39,"column":17},"end":{"line":39,"column":38}},"27":{"start":{"line":40,"column":4},"end":{"line":42,"column":7}},"28":{"start":{"line":41,"column":6},"end":{"line":41,"column":75}},"29":{"start":{"line":45,"column":4},"end":{"line":45,"column":23}},"30":{"start":{"line":48,"column":2},"end":{"line":48,"column":23}}},"fnMap":{"0":{"name":"(anonymous_0)","decl":{"start":{"line":22,"column":8},"end":{"line":22,"column":9}},"loc":{"start":{"line":22,"column":28},"end":{"line":25,"column":1}},"line":22},"1":{"name":"(anonymous_1)","decl":{"start":{"line":38,"column":8},"end":{"line":38,"column":9}},"loc":{"start":{"line":38,"column":14},"end":{"line":43,"column":3}},"line":38},"2":{"name":"(anonymous_2)","decl":{"start":{"line":40,"column":21},"end":{"line":40,"column":22}},"loc":{"start":{"line":40,"column":27},"end":{"line":42,"column":5}},"line":40},"3":{"name":"(anonymous_3)","decl":{"start":{"line":44,"column":9},"end":{"line":44,"column":10}},"loc":{"start":{"line":44,"column":20},"end":{"line":46,"column":3}},"line":44}},"branchMap":{"0":{"loc":{"start":{"line":39,"column":17},"end":{"line":39,"column":38}},"type":"binary-expr","locations":[{"start":{"line":39,"column":17},"end":{"line":39,"column":33}},{"start":{"line":39,"column":37},"end":{"line":39,"column":38}}],"line":39}},"s":{"0":1,"1":1,"2":1,"3":1,"4":1,"5":1,"6":1,"7":1,"8":1,"9":1,"10":1,"11":1,"12":1,"13":1,"14":1,"15":1,"16":21,"17":1,"18":1,"19":1,"20":1,"21":1,"22":1,"23":1,"24":1,"25":1,"26":1,"27":1,"28":1,"29":0,"30":1},"f":{"0":21,"1":1,"2":1,"3":0},"b":{"0":[1,0]},"_coverageSchema":"1a1c01bbd47fc00a2c39e90264f33305004495a9","hash":"b1d1de2d854db1132b74d9cd3b314a69037cabbb"}
,"/home/Raya/Resource-Share/backend/controllers/NGOController.js": {"path":"/home/Raya/Resource-Share/backend/controllers/NGOController.js","statementMap":{"0":{"start":{"line":1,"column":12},"end":{"line":1,"column":41}},"1":{"start":{"line":2,"column":12},"end":{"line":2,"column":35}},"2":{"start":{"line":4,"column":20},"end":{"line":6,"column":1}},"3":{"start":{"line":5,"column":2},"end":{"line":5,"column":68}},"4":{"start":{"line":8,"column":18},"end":{"line":18,"column":1}},"5":{"start":{"line":9,"column":44},"end":{"line":9,"column":52}},"6":{"start":{"line":11,"column":2},"end":{"line":17,"column":3}},"7":{"start":{"line":12,"column":16},"end":{"line":12,"column":63}},"8":{"start":{"line":13,"column":18},"end":{"line":13,"column":38}},"9":{"start":{"line":14,"column":4},"end":{"line":14,"column":67}},"10":{"start":{"line":16,"column":4},"end":{"line":16,"column":51}},"11":{"start":{"line":20,"column":17},"end":{"line":30,"column":1}},"12":{"start":{"line":21,"column":30},"end":{"line":21,"column":38}},"13":{"start":{"line":23,"column":2},"end":{"line":29,"column":3}},"14":{"start":{"line":24,"column":16},"end":{"line":24,"column":48}},"15":{"start":{"line":25,"column":18},"end":{"line":25,"column":38}},"16":{"start":{"line":26,"column":4},"end":{"line":26,"column":53}},"17":{"start":{"line":28,"column":4},"end":{"line":28,"column":51}},"18":{"start":{"line":32,"column":0},"end":{"line":32,"column":41}}},"fnMap":{"0":{"name":"(anonymous_0)","decl":{"start":{"line":4,"column":20},"end":{"line":4,"column":21}},"loc":{"start":{"line":4,"column":29},"end":{"line":6,"column":1}},"line":4},"1":{"name":"(anonymous_1)","decl":{"start":{"line":8,"column":18},"end":{"line":8,"column":19}},"loc":{"start":{"line":8,"column":38},"end":{"line":18,"column":1}},"line":8},"2":{"name":"(anonymous_2)","decl":{"start":{"line":20,"column":17},"end":{"line":20,"column":18}},"loc":{"start":{"line":20,"column":37},"end":{"line":30,"column":1}},"line":20}},"branchMap":{},"s":{"0":1,"1":1,"2":1,"3":2,"4":1,"5":0,"6":0,"7":0,"8":0,"9":0,"10":0,"11":1,"12":3,"13":3,"14":3,"15":2,"16":2,"17":1,"18":1},"f":{"0":2,"1":0,"2":3},"b":{},"_coverageSchema":"1a1c01bbd47fc00a2c39e90264f33305004495a9","hash":"0d2b50ec53d62fea6ba9b211ff47e0c66689fa03"}
,"/home/Raya/Resource-Share/backend/controllers/donateBooksController.js": {"path":"/home/Raya/Resource-Share/backend/controllers/donateBooksController.js","statementMap":{"0":{"start":{"line":1,"column":13},"end":{"line":1,"column":50}},"1":{"start":{"line":2,"column":18},"end":{"line":2,"column":41}},"2":{"start":{"line":3,"column":14},"end":{"line":3,"column":45}},"3":{"start":{"line":4,"column":12},"end":{"line":4,"column":41}},"4":{"start":{"line":6,"column":29},"end":{"line":14,"column":1}},"5":{"start":{"line":7,"column":2},"end":{"line":13,"column":3}},"6":{"start":{"line":8,"column":21},"end":{"line":8,"column":34}},"7":{"start":{"line":9,"column":17},"end":{"line":9,"column":79}},"8":{"start":{"line":10,"column":4},"end":{"line":10,"column":31}},"9":{"start":{"line":12,"column":4},"end":{"line":12,"column":51}},"10":{"start":{"line":16,"column":27},"end":{"line":23,"column":1}},"11":{"start":{"line":17,"column":2},"end":{"line":22,"column":3}},"12":{"start":{"line":18,"column":17},"end":{"line":18,"column":75}},"13":{"start":{"line":19,"column":4},"end":{"line":19,"column":31}},"14":{"start":{"line":21,"column":4},"end":{"line":21,"column":51}},"15":{"start":{"line":25,"column":25},"end":{"line":88,"column":1}},"16":{"start":{"line":26,"column":58},"end":{"line":26,"column":66}},"17":{"start":{"line":27,"column":2},"end":{"line":29,"column":3}},"18":{"start":{"line":28,"column":4},"end":{"line":28,"column":76}},"19":{"start":{"line":31,"column":2},"end":{"line":87,"column":3}},"20":{"start":{"line":32,"column":20},"end":{"line":32,"column":50}},"21":{"start":{"line":33,"column":24},"end":{"line":33,"column":47}},"22":{"start":{"line":35,"column":26},"end":{"line":35,"column":41}},"23":{"start":{"line":36,"column":4},"end":{"line":37,"column":67}},"24":{"start":{"line":37,"column":6},"end":{"line":37,"column":67}},"25":{"start":{"line":39,"column":17},"end":{"line":46,"column":6}},"26":{"start":{"line":49,"column":4},"end":{"line":82,"column":5}},"27":{"start":{"line":50,"column":6},"end":{"line":79,"column":7}},"28":{"start":{"line":51,"column":22},"end":{"line":51,"column":57}},"29":{"start":{"line":52,"column":8},"end":{"line":78,"column":9}},"30":{"start":{"line":53,"column":10},"end":{"line":77,"column":59}},"31":{"start":{"line":77,"column":25},"end":{"line":77,"column":57}},"32":{"start":{"line":81,"column":6},"end":{"line":81,"column":55}},"33":{"start":{"line":84,"column":4},"end":{"line":84,"column":31}},"34":{"start":{"line":86,"column":4},"end":{"line":86,"column":51}},"35":{"start":{"line":90,"column":25},"end":{"line":189,"column":1}},"36":{"start":{"line":91,"column":17},"end":{"line":91,"column":27}},"37":{"start":{"line":93,"column":2},"end":{"line":188,"column":3}},"38":{"start":{"line":94,"column":17},"end":{"line":94,"column":40}},"39":{"start":{"line":95,"column":4},"end":{"line":97,"column":5}},"40":{"start":{"line":96,"column":6},"end":{"line":96,"column":64}},"41":{"start":{"line":99,"column":4},"end":{"line":101,"column":5}},"42":{"start":{"line":100,"column":6},"end":{"line":100,"column":63}},"43":{"start":{"line":103,"column":4},"end":{"line":103,"column":23}},"44":{"start":{"line":104,"column":4},"end":{"line":104,"column":30}},"45":{"start":{"line":105,"column":4},"end":{"line":105,"column":35}},"46":{"start":{"line":106,"column":19},"end":{"line":106,"column":36}},"47":{"start":{"line":108,"column":4},"end":{"line":183,"column":5}},"48":{"start":{"line":109,"column":6},"end":{"line":180,"column":7}},"49":{"start":{"line":110,"column":22},"end":{"line":110,"column":56}},"50":{"start":{"line":111,"column":20},"end":{"line":111,"column":51}},"51":{"start":{"line":114,"column":8},"end":{"line":142,"column":9}},"52":{"start":{"line":115,"column":10},"end":{"line":141,"column":69}},"53":{"start":{"line":141,"column":25},"end":{"line":141,"column":67}},"54":{"start":{"line":145,"column":8},"end":{"line":179,"column":9}},"55":{"start":{"line":146,"column":10},"end":{"line":178,"column":67}},"56":{"start":{"line":178,"column":25},"end":{"line":178,"column":65}},"57":{"start":{"line":182,"column":6},"end":{"line":182,"column":46}},"58":{"start":{"line":185,"column":4},"end":{"line":185,"column":33}},"59":{"start":{"line":187,"column":4},"end":{"line":187,"column":51}},"60":{"start":{"line":191,"column":27},"end":{"line":204,"column":1}},"61":{"start":{"line":192,"column":17},"end":{"line":192,"column":27}},"62":{"start":{"line":194,"column":2},"end":{"line":203,"column":3}},"63":{"start":{"line":195,"column":17},"end":{"line":195,"column":57}},"64":{"start":{"line":196,"column":4},"end":{"line":198,"column":5}},"65":{"start":{"line":197,"column":6},"end":{"line":197,"column":63}},"66":{"start":{"line":200,"column":4},"end":{"line":200,"column":31}},"67":{"start":{"line":202,"column":4},"end":{"line":202,"column":51}},"68":{"start":{"line":206,"column":23},"end":{"line":217,"column":1}},"69":{"start":{"line":207,"column":2},"end":{"line":216,"column":3}},"70":{"start":{"line":208,"column":24},"end":{"line":211,"column":30}},"71":{"start":{"line":213,"column":4},"end":{"line":213,"column":38}},"72":{"start":{"line":215,"column":4},"end":{"line":215,"column":51}},"73":{"start":{"line":219,"column":0},"end":{"line":226,"column":2}}},"fnMap":{"0":{"name":"(anonymous_0)","decl":{"start":{"line":6,"column":29},"end":{"line":6,"column":30}},"loc":{"start":{"line":6,"column":49},"end":{"line":14,"column":1}},"line":6},"1":{"name":"(anonymous_1)","decl":{"start":{"line":16,"column":27},"end":{"line":16,"column":28}},"loc":{"start":{"line":16,"column":47},"end":{"line":23,"column":1}},"line":16},"2":{"name":"(anonymous_2)","decl":{"start":{"line":25,"column":25},"end":{"line":25,"column":26}},"loc":{"start":{"line":25,"column":45},"end":{"line":88,"column":1}},"line":25},"3":{"name":"(anonymous_3)","decl":{"start":{"line":77,"column":18},"end":{"line":77,"column":19}},"loc":{"start":{"line":77,"column":25},"end":{"line":77,"column":57}},"line":77},"4":{"name":"(anonymous_4)","decl":{"start":{"line":90,"column":25},"end":{"line":90,"column":26}},"loc":{"start":{"line":90,"column":45},"end":{"line":189,"column":1}},"line":90},"5":{"name":"(anonymous_5)","decl":{"start":{"line":141,"column":18},"end":{"line":141,"column":19}},"loc":{"start":{"line":141,"column":25},"end":{"line":141,"column":67}},"line":141},"6":{"name":"(anonymous_6)","decl":{"start":{"line":178,"column":18},"end":{"line":178,"column":19}},"loc":{"start":{"line":178,"column":25},"end":{"line":178,"column":65}},"line":178},"7":{"name":"(anonymous_7)","decl":{"start":{"line":191,"column":27},"end":{"line":191,"column":28}},"loc":{"start":{"line":191,"column":47},"end":{"line":204,"column":1}},"line":191},"8":{"name":"(anonymous_8)","decl":{"start":{"line":206,"column":23},"end":{"line":206,"column":24}},"loc":{"start":{"line":206,"column":43},"end":{"line":217,"column":1}},"line":206}},"branchMap":{"0":{"loc":{"start":{"line":27,"column":2},"end":{"line":29,"column":3}},"type":"if","locations":[{"start":{"line":27,"column":2},"end":{"line":29,"column":3}},{"start":{},"end":{}}],"line":27},"1":{"loc":{"start":{"line":27,"column":6},"end":{"line":27,"column":59}},"type":"binary-expr","locations":[{"start":{"line":27,"column":6},"end":{"line":27,"column":22}},{"start":{"line":27,"column":26},"end":{"line":27,"column":35}},{"start":{"line":27,"column":39},"end":{"line":27,"column":47}},{"start":{"line":27,"column":51},"end":{"line":27,"column":59}}],"line":27},"2":{"loc":{"start":{"line":32,"column":20},"end":{"line":32,"column":50}},"type":"binary-expr","locations":[{"start":{"line":32,"column":20},"end":{"line":32,"column":33}},{"start":{"line":32,"column":37},"end":{"line":32,"column":50}}],"line":32},"3":{"loc":{"start":{"line":33,"column":24},"end":{"line":33,"column":47}},"type":"binary-expr","locations":[{"start":{"line":33,"column":24},"end":{"line":33,"column":41}},{"start":{"line":33,"column":45},"end":{"line":33,"column":47}}],"line":33},"4":{"loc":{"start":{"line":36,"column":4},"end":{"line":37,"column":67}},"type":"if","locations":[{"start":{"line":36,"column":4},"end":{"line":37,"column":67}},{"start":{},"end":{}}],"line":36},"5":{"loc":{"start":{"line":50,"column":6},"end":{"line":79,"column":7}},"type":"if","locations":[{"start":{"line":50,"column":6},"end":{"line":79,"column":7}},{"start":{},"end":{}}],"line":50},"6":{"loc":{"start":{"line":52,"column":8},"end":{"line":78,"column":9}},"type":"if","locations":[{"start":{"line":52,"column":8},"end":{"line":78,"column":9}},{"start":{},"end":{}}],"line":52},"7":{"loc":{"start":{"line":52,"column":12},"end":{"line":52,"column":32}},"type":"binary-expr","locations":[{"start":{"line":52,"column":12},"end":{"line":52,"column":17}},{"start":{"line":52,"column":21},"end":{"line":52,"column":32}}],"line":52},"8":{"loc":{"start":{"line":60,"column":30},"end":{"line":60,"column":51}},"type":"binary-expr","locations":[{"start":{"line":60,"column":30},"end":{"line":60,"column":40}},{"start":{"line":60,"column":44},"end":{"line":60,"column":51}}],"line":60},"9":{"loc":{"start":{"line":95,"column":4},"end":{"line":97,"column":5}},"type":"if","locations":[{"start":{"line":95,"column":4},"end":{"line":97,"column":5}},{"start":{},"end":{}}],"line":95},"10":{"loc":{"start":{"line":99,"column":4},"end":{"line":101,"column":5}},"type":"if","locations":[{"start":{"line":99,"column":4},"end":{"line":101,"column":5}},{"start":{},"end":{}}],"line":99},"11":{"loc":{"start":{"line":109,"column":6},"end":{"line":180,"column":7}},"type":"if","locations":[{"start":{"line":109,"column":6},"end":{"line":180,"column":7}},{"start":{},"end":{}}],"line":109},"12":{"loc":{"start":{"line":114,"column":8},"end":{"line":142,"column":9}},"type":"if","locations":[{"start":{"line":114,"column":8},"end":{"line":142,"column":9}},{"start":{},"end":{}}],"line":114},"13":{"loc":{"start":{"line":114,"column":12},"end":{"line":114,"column":32}},"type":"binary-expr","locations":[{"start":{"line":114,"column":12},"end":{"line":114,"column":17}},{"start":{"line":114,"column":21},"end":{"line":114,"column":32}}],"line":114},"14":{"loc":{"start":{"line":122,"column":30},"end":{"line":122,"column":51}},"type":"binary-expr","locations":[{"start":{"line":122,"column":30},"end":{"line":122,"column":40}},{"start":{"line":122,"column":44},"end":{"line":122,"column":51}}],"line":122},"15":{"loc":{"start":{"line":127,"column":26},"end":{"line":127,"column":44}},"type":"binary-expr","locations":[{"start":{"line":127,"column":26},"end":{"line":127,"column":35}},{"start":{"line":127,"column":39},"end":{"line":127,"column":44}}],"line":127},"16":{"loc":{"start":{"line":128,"column":42},"end":{"line":128,"column":70}},"type":"binary-expr","locations":[{"start":{"line":128,"column":42},"end":{"line":128,"column":52}},{"start":{"line":128,"column":56},"end":{"line":128,"column":70}}],"line":128},"17":{"loc":{"start":{"line":145,"column":8},"end":{"line":179,"column":9}},"type":"if","locations":[{"start":{"line":145,"column":8},"end":{"line":179,"column":9}},{"start":{},"end":{}}],"line":145},"18":{"loc":{"start":{"line":145,"column":12},"end":{"line":145,"column":28}},"type":"binary-expr","locations":[{"start":{"line":145,"column":12},"end":{"line":145,"column":15}},{"start":{"line":145,"column":19},"end":{"line":145,"column":28}}],"line":145},"19":{"loc":{"start":{"line":153,"column":30},"end":{"line":153,"column":52}},"type":"binary-expr","locations":[{"start":{"line":153,"column":30},"end":{"line":153,"column":38}},{"start":{"line":153,"column":42},"end":{"line":153,"column":52}}],"line":153},"20":{"loc":{"start":{"line":164,"column":41},"end":{"line":164,"column":63}},"type":"binary-expr","locations":[{"start":{"line":164,"column":41},"end":{"line":164,"column":52}},{"start":{"line":164,"column":56},"end":{"line":164,"column":63}}],"line":164},"21":{"loc":{"start":{"line":165,"column":42},"end":{"line":165,"column":72}},"type":"binary-expr","locations":[{"start":{"line":165,"column":42},"end":{"line":165,"column":54}},{"start":{"line":165,"column":58},"end":{"line":165,"column":72}}],"line":165},"22":{"loc":{"start":{"line":196,"column":4},"end":{"line":198,"column":5}},"type":"if","locations":[{"start":{"line":196,"column":4},"end":{"line":198,"column":5}},{"start":{},"end":{}}],"line":196}},"s":{"0":1,"1":1,"2":1,"3":1,"4":1,"5":0,"6":0,"7":0,"8":0,"9":0,"10":1,"11":0,"12":0,"13":0,"14":0,"15":1,"16":2,"17":2,"18":1,"19":1,"20":1,"21":1,"22":1,"23":1,"24":1,"25":1,"26":1,"27":1,"28":0,"29":0,"30":0,"31":0,"32":0,"33":1,"34":0,"35":1,"36":2,"37":2,"38":2,"39":2,"40":0,"41":2,"42":1,"43":1,"44":1,"45":1,"46":1,"47":1,"48":1,"49":0,"50":0,"51":0,"52":0,"53":0,"54":0,"55":0,"56":0,"57":0,"58":1,"59":0,"60":1,"61":0,"62":0,"63":0,"64":0,"65":0,"66":0,"67":0,"68":1,"69":0,"70":0,"71":0,"72":0,"73":1},"f":{"0":0,"1":0,"2":2,"3":0,"4":2,"5":0,"6":0,"7":0,"8":0},"b":{"0":[1,1],"1":[2,2,1,1],"2":[1,1],"3":[1,0],"4":[1,0],"5":[0,1],"6":[0,0],"7":[0,0],"8":[0,0],"9":[0,2],"10":[1,1],"11":[0,1],"12":[0,0],"13":[0,0],"14":[0,0],"15":[0,0],"16":[0,0],"17":[0,0],"18":[0,0],"19":[0,0],"20":[0,0],"21":[0,0],"22":[0,0]},"_coverageSchema":"1a1c01bbd47fc00a2c39e90264f33305004495a9","hash":"9165af25322e829f3f66a276c7ada60f0229fa17"}
,"/home/Raya/Resource-Share/backend/controllers/donateClothesController.js": {"path":"/home/Raya/Resource-Share/backend/controllers/donateClothesController.js","statementMap":{"0":{"start":{"line":1,"column":16},"end":{"line":1,"column":55}},"1":{"start":{"line":2,"column":18},"end":{"line":2,"column":41}},"2":{"start":{"line":3,"column":14},"end":{"line":3,"column":45}},"3":{"start":{"line":4,"column":12},"end":{"line":4,"column":41}},"4":{"start":{"line":6,"column":31},"end":{"line":16,"column":1}},"5":{"start":{"line":7,"column":2},"end":{"line":15,"column":3}},"6":{"start":{"line":8,"column":21},"end":{"line":8,"column":34}},"7":{"start":{"line":9,"column":20},"end":{"line":11,"column":6}},"8":{"start":{"line":12,"column":4},"end":{"line":12,"column":34}},"9":{"start":{"line":14,"column":4},"end":{"line":14,"column":51}},"10":{"start":{"line":18,"column":29},"end":{"line":27,"column":1}},"11":{"start":{"line":19,"column":2},"end":{"line":26,"column":3}},"12":{"start":{"line":20,"column":20},"end":{"line":22,"column":6}},"13":{"start":{"line":23,"column":4},"end":{"line":23,"column":34}},"14":{"start":{"line":25,"column":4},"end":{"line":25,"column":51}},"15":{"start":{"line":29,"column":27},"end":{"line":93,"column":1}},"16":{"start":{"line":30,"column":61},"end":{"line":30,"column":69}},"17":{"start":{"line":31,"column":2},"end":{"line":33,"column":3}},"18":{"start":{"line":32,"column":4},"end":{"line":32,"column":76}},"19":{"start":{"line":35,"column":2},"end":{"line":92,"column":3}},"20":{"start":{"line":36,"column":20},"end":{"line":36,"column":33}},"21":{"start":{"line":38,"column":24},"end":{"line":38,"column":47}},"22":{"start":{"line":40,"column":26},"end":{"line":40,"column":41}},"23":{"start":{"line":41,"column":4},"end":{"line":42,"column":67}},"24":{"start":{"line":42,"column":6},"end":{"line":42,"column":67}},"25":{"start":{"line":44,"column":20},"end":{"line":51,"column":6}},"26":{"start":{"line":54,"column":4},"end":{"line":87,"column":5}},"27":{"start":{"line":55,"column":6},"end":{"line":84,"column":7}},"28":{"start":{"line":56,"column":22},"end":{"line":56,"column":57}},"29":{"start":{"line":57,"column":8},"end":{"line":83,"column":9}},"30":{"start":{"line":58,"column":10},"end":{"line":82,"column":59}},"31":{"start":{"line":82,"column":25},"end":{"line":82,"column":57}},"32":{"start":{"line":86,"column":6},"end":{"line":86,"column":55}},"33":{"start":{"line":89,"column":4},"end":{"line":89,"column":34}},"34":{"start":{"line":91,"column":4},"end":{"line":91,"column":51}},"35":{"start":{"line":95,"column":27},"end":{"line":194,"column":1}},"36":{"start":{"line":96,"column":17},"end":{"line":96,"column":27}},"37":{"start":{"line":98,"column":2},"end":{"line":193,"column":3}},"38":{"start":{"line":99,"column":20},"end":{"line":99,"column":46}},"39":{"start":{"line":100,"column":4},"end":{"line":102,"column":5}},"40":{"start":{"line":101,"column":6},"end":{"line":101,"column":66}},"41":{"start":{"line":104,"column":4},"end":{"line":106,"column":5}},"42":{"start":{"line":105,"column":6},"end":{"line":105,"column":63}},"43":{"start":{"line":108,"column":4},"end":{"line":108,"column":26}},"44":{"start":{"line":109,"column":4},"end":{"line":109,"column":33}},"45":{"start":{"line":110,"column":4},"end":{"line":110,"column":38}},"46":{"start":{"line":111,"column":19},"end":{"line":111,"column":39}},"47":{"start":{"line":113,"column":4},"end":{"line":188,"column":5}},"48":{"start":{"line":114,"column":6},"end":{"line":185,"column":7}},"49":{"start":{"line":115,"column":22},"end":{"line":115,"column":59}},"50":{"start":{"line":116,"column":20},"end":{"line":116,"column":51}},"51":{"start":{"line":119,"column":8},"end":{"line":147,"column":9}},"52":{"start":{"line":120,"column":10},"end":{"line":146,"column":69}},"53":{"start":{"line":146,"column":25},"end":{"line":146,"column":67}},"54":{"start":{"line":150,"column":8},"end":{"line":184,"column":9}},"55":{"start":{"line":151,"column":10},"end":{"line":183,"column":67}},"56":{"start":{"line":183,"column":25},"end":{"line":183,"column":65}},"57":{"start":{"line":187,"column":6},"end":{"line":187,"column":46}},"58":{"start":{"line":190,"column":4},"end":{"line":190,"column":33}},"59":{"start":{"line":192,"column":4},"end":{"line":192,"column":51}},"60":{"start":{"line":196,"column":29},"end":{"line":209,"column":1}},"61":{"start":{"line":197,"column":17},"end":{"line":197,"column":27}},"62":{"start":{"line":199,"column":2},"end":{"line":208,"column":3}},"63":{"start":{"line":200,"column":20},"end":{"line":200,"column":63}},"64":{"start":{"line":201,"column":4},"end":{"line":203,"column":5}},"65":{"start":{"line":202,"column":6},"end":{"line":202,"column":66}},"66":{"start":{"line":205,"column":4},"end":{"line":205,"column":34}},"67":{"start":{"line":207,"column":4},"end":{"line":207,"column":51}},"68":{"start":{"line":211,"column":25},"end":{"line":221,"column":1}},"69":{"start":{"line":212,"column":2},"end":{"line":220,"column":3}},"70":{"start":{"line":213,"column":19},"end":{"line":213,"column":30}},"71":{"start":{"line":214,"column":26},"end":{"line":216,"column":6}},"72":{"start":{"line":217,"column":4},"end":{"line":217,"column":40}},"73":{"start":{"line":219,"column":4},"end":{"line":219,"column":51}},"74":{"start":{"line":223,"column":0},"end":{"line":230,"column":2}}},"fnMap":{"0":{"name":"(anonymous_0)","decl":{"start":{"line":6,"column":31},"end":{"line":6,"column":32}},"loc":{"start":{"line":6,"column":51},"end":{"line":16,"column":1}},"line":6},"1":{"name":"(anonymous_1)","decl":{"start":{"line":18,"column":29},"end":{"line":18,"column":30}},"loc":{"start":{"line":18,"column":49},"end":{"line":27,"column":1}},"line":18},"2":{"name":"(anonymous_2)","decl":{"start":{"line":29,"column":27},"end":{"line":29,"column":28}},"loc":{"start":{"line":29,"column":47},"end":{"line":93,"column":1}},"line":29},"3":{"name":"(anonymous_3)","decl":{"start":{"line":82,"column":18},"end":{"line":82,"column":19}},"loc":{"start":{"line":82,"column":25},"end":{"line":82,"column":57}},"line":82},"4":{"name":"(anonymous_4)","decl":{"start":{"line":95,"column":27},"end":{"line":95,"column":28}},"loc":{"start":{"line":95,"column":47},"end":{"line":194,"column":1}},"line":95},"5":{"name":"(anonymous_5)","decl":{"start":{"line":146,"column":18},"end":{"line":146,"column":19}},"loc":{"start":{"line":146,"column":25},"end":{"line":146,"column":67}},"line":146},"6":{"name":"(anonymous_6)","decl":{"start":{"line":183,"column":18},"end":{"line":183,"column":19}},"loc":{"start":{"line":183,"column":25},"end":{"line":183,"column":65}},"line":183},"7":{"name":"(anonymous_7)","decl":{"start":{"line":196,"column":29},"end":{"line":196,"column":30}},"loc":{"start":{"line":196,"column":49},"end":{"line":209,"column":1}},"line":196},"8":{"name":"(anonymous_8)","decl":{"start":{"line":211,"column":25},"end":{"line":211,"column":26}},"loc":{"start":{"line":211,"column":45},"end":{"line":221,"column":1}},"line":211}},"branchMap":{"0":{"loc":{"start":{"line":31,"column":2},"end":{"line":33,"column":3}},"type":"if","locations":[{"start":{"line":31,"column":2},"end":{"line":33,"column":3}},{"start":{},"end":{}}],"line":31},"1":{"loc":{"start":{"line":31,"column":6},"end":{"line":31,"column":62}},"type":"binary-expr","locations":[{"start":{"line":31,"column":6},"end":{"line":31,"column":25}},{"start":{"line":31,"column":29},"end":{"line":31,"column":38}},{"start":{"line":31,"column":42},"end":{"line":31,"column":50}},{"start":{"line":31,"column":54},"end":{"line":31,"column":62}}],"line":31},"2":{"loc":{"start":{"line":38,"column":24},"end":{"line":38,"column":47}},"type":"binary-expr","locations":[{"start":{"line":38,"column":24},"end":{"line":38,"column":41}},{"start":{"line":38,"column":45},"end":{"line":38,"column":47}}],"line":38},"3":{"loc":{"start":{"line":41,"column":4},"end":{"line":42,"column":67}},"type":"if","locations":[{"start":{"line":41,"column":4},"end":{"line":42,"column":67}},{"start":{},"end":{}}],"line":41},"4":{"loc":{"start":{"line":55,"column":6},"end":{"line":84,"column":7}},"type":"if","locations":[{"start":{"line":55,"column":6},"end":{"line":84,"column":7}},{"start":{},"end":{}}],"line":55},"5":{"loc":{"start":{"line":57,"column":8},"end":{"line":83,"column":9}},"type":"if","locations":[{"start":{"line":57,"column":8},"end":{"line":83,"column":9}},{"start":{},"end":{}}],"line":57},"6":{"loc":{"start":{"line":57,"column":12},"end":{"line":57,"column":32}},"type":"binary-expr","locations":[{"start":{"line":57,"column":12},"end":{"line":57,"column":17}},{"start":{"line":57,"column":21},"end":{"line":57,"column":32}}],"line":57},"7":{"loc":{"start":{"line":65,"column":30},"end":{"line":65,"column":51}},"type":"binary-expr","locations":[{"start":{"line":65,"column":30},"end":{"line":65,"column":40}},{"start":{"line":65,"column":44},"end":{"line":65,"column":51}}],"line":65},"8":{"loc":{"start":{"line":100,"column":4},"end":{"line":102,"column":5}},"type":"if","locations":[{"start":{"line":100,"column":4},"end":{"line":102,"column":5}},{"start":{},"end":{}}],"line":100},"9":{"loc":{"start":{"line":104,"column":4},"end":{"line":106,"column":5}},"type":"if","locations":[{"start":{"line":104,"column":4},"end":{"line":106,"column":5}},{"start":{},"end":{}}],"line":104},"10":{"loc":{"start":{"line":114,"column":6},"end":{"line":185,"column":7}},"type":"if","locations":[{"start":{"line":114,"column":6},"end":{"line":185,"column":7}},{"start":{},"end":{}}],"line":114},"11":{"loc":{"start":{"line":119,"column":8},"end":{"line":147,"column":9}},"type":"if","locations":[{"start":{"line":119,"column":8},"end":{"line":147,"column":9}},{"start":{},"end":{}}],"line":119},"12":{"loc":{"start":{"line":119,"column":12},"end":{"line":119,"column":32}},"type":"binary-expr","locations":[{"start":{"line":119,"column":12},"end":{"line":119,"column":17}},{"start":{"line":119,"column":21},"end":{"line":119,"column":32}}],"line":119},"13":{"loc":{"start":{"line":127,"column":30},"end":{"line":127,"column":51}},"type":"binary-expr","locations":[{"start":{"line":127,"column":30},"end":{"line":127,"column":40}},{"start":{"line":127,"column":44},"end":{"line":127,"column":51}}],"line":127},"14":{"loc":{"start":{"line":132,"column":26},"end":{"line":132,"column":44}},"type":"binary-expr","locations":[{"start":{"line":132,"column":26},"end":{"line":132,"column":35}},{"start":{"line":132,"column":39},"end":{"line":132,"column":44}}],"line":132},"15":{"loc":{"start":{"line":133,"column":42},"end":{"line":133,"column":70}},"type":"binary-expr","locations":[{"start":{"line":133,"column":42},"end":{"line":133,"column":52}},{"start":{"line":133,"column":56},"end":{"line":133,"column":70}}],"line":133},"16":{"loc":{"start":{"line":150,"column":8},"end":{"line":184,"column":9}},"type":"if","locations":[{"start":{"line":150,"column":8},"end":{"line":184,"column":9}},{"start":{},"end":{}}],"line":150},"17":{"loc":{"start":{"line":150,"column":12},"end":{"line":150,"column":28}},"type":"binary-expr","locations":[{"start":{"line":150,"column":12},"end":{"line":150,"column":15}},{"start":{"line":150,"column":19},"end":{"line":150,"column":28}}],"line":150},"18":{"loc":{"start":{"line":158,"column":30},"end":{"line":158,"column":52}},"type":"binary-expr","locations":[{"start":{"line":158,"column":30},"end":{"line":158,"column":38}},{"start":{"line":158,"column":42},"end":{"line":158,"column":52}}],"line":158},"19":{"loc":{"start":{"line":169,"column":41},"end":{"line":169,"column":63}},"type":"binary-expr","locations":[{"start":{"line":169,"column":41},"end":{"line":169,"column":52}},{"start":{"line":169,"column":56},"end":{"line":169,"column":63}}],"line":169},"20":{"loc":{"start":{"line":170,"column":42},"end":{"line":170,"column":72}},"type":"binary-expr","locations":[{"start":{"line":170,"column":42},"end":{"line":170,"column":54}},{"start":{"line":170,"column":58},"end":{"line":170,"column":72}}],"line":170},"21":{"loc":{"start":{"line":201,"column":4},"end":{"line":203,"column":5}},"type":"if","locations":[{"start":{"line":201,"column":4},"end":{"line":203,"column":5}},{"start":{},"end":{}}],"line":201}},"s":{"0":1,"1":1,"2":1,"3":1,"4":1,"5":0,"6":0,"7":0,"8":0,"9":0,"10":1,"11":0,"12":0,"13":0,"14":0,"15":1,"16":2,"17":2,"18":1,"19":1,"20":1,"21":1,"22":1,"23":1,"24":1,"25":1,"26":1,"27":1,"28":0,"29":0,"30":0,"31":0,"32":0,"33":1,"34":0,"35":1,"36":2,"37":2,"38":2,"39":2,"40":0,"41":2,"42":1,"43":1,"44":1,"45":1,"46":1,"47":1,"48":1,"49":0,"50":0,"51":0,"52":0,"53":0,"54":0,"55":0,"56":0,"57":0,"58":1,"59":0,"60":1,"61":0,"62":0,"63":0,"64":0,"65":0,"66":0,"67":0,"68":1,"69":0,"70":0,"71":0,"72":0,"73":0,"74":1},"f":{"0":0,"1":0,"2":2,"3":0,"4":2,"5":0,"6":0,"7":0,"8":0},"b":{"0":[1,1],"1":[2,2,1,1],"2":[1,0],"3":[1,0],"4":[0,1],"5":[0,0],"6":[0,0],"7":[0,0],"8":[0,2],"9":[1,1],"10":[0,1],"11":[0,0],"12":[0,0],"13":[0,0],"14":[0,0],"15":[0,0],"16":[0,0],"17":[0,0],"18":[0,0],"19":[0,0],"20":[0,0],"21":[0,0]},"_coverageSchema":"1a1c01bbd47fc00a2c39e90264f33305004495a9","hash":"c9982f8bd57c0986dff7cc8ea655a2577be02b68"}
,"/home/Raya/Resource-Share/backend/controllers/donateFoodController.js": {"path":"/home/Raya/Resource-Share/backend/controllers/donateFoodController.js","statementMap":{"0":{"start":{"line":1,"column":13},"end":{"line":1,"column":49}},"1":{"start":{"line":2,"column":18},"end":{"line":2,"column":41}},"2":{"start":{"line":3,"column":14},"end":{"line":3,"column":45}},"3":{"start":{"line":4,"column":12},"end":{"line":4,"column":41}},"4":{"start":{"line":6,"column":29},"end":{"line":14,"column":1}},"5":{"start":{"line":7,"column":2},"end":{"line":13,"column":3}},"6":{"start":{"line":8,"column":21},"end":{"line":8,"column":34}},"7":{"start":{"line":9,"column":17},"end":{"line":9,"column":79}},"8":{"start":{"line":10,"column":4},"end":{"line":10,"column":31}},"9":{"start":{"line":12,"column":4},"end":{"line":12,"column":51}},"10":{"start":{"line":16,"column":27},"end":{"line":23,"column":1}},"11":{"start":{"line":17,"column":2},"end":{"line":22,"column":3}},"12":{"start":{"line":18,"column":17},"end":{"line":18,"column":75}},"13":{"start":{"line":19,"column":4},"end":{"line":19,"column":31}},"14":{"start":{"line":21,"column":4},"end":{"line":21,"column":51}},"15":{"start":{"line":25,"column":24},"end":{"line":89,"column":1}},"16":{"start":{"line":26,"column":59},"end":{"line":26,"column":67}},"17":{"start":{"line":27,"column":2},"end":{"line":29,"column":3}},"18":{"start":{"line":28,"column":4},"end":{"line":28,"column":76}},"19":{"start":{"line":31,"column":2},"end":{"line":88,"column":3}},"20":{"start":{"line":32,"column":20},"end":{"line":32,"column":33}},"21":{"start":{"line":33,"column":24},"end":{"line":33,"column":47}},"22":{"start":{"line":35,"column":26},"end":{"line":35,"column":41}},"23":{"start":{"line":36,"column":4},"end":{"line":37,"column":67}},"24":{"start":{"line":37,"column":6},"end":{"line":37,"column":67}},"25":{"start":{"line":39,"column":17},"end":{"line":47,"column":6}},"26":{"start":{"line":50,"column":4},"end":{"line":83,"column":5}},"27":{"start":{"line":51,"column":6},"end":{"line":80,"column":7}},"28":{"start":{"line":52,"column":22},"end":{"line":52,"column":57}},"29":{"start":{"line":53,"column":8},"end":{"line":79,"column":9}},"30":{"start":{"line":54,"column":10},"end":{"line":78,"column":59}},"31":{"start":{"line":78,"column":25},"end":{"line":78,"column":57}},"32":{"start":{"line":82,"column":6},"end":{"line":82,"column":49}},"33":{"start":{"line":85,"column":4},"end":{"line":85,"column":31}},"34":{"start":{"line":87,"column":4},"end":{"line":87,"column":51}},"35":{"start":{"line":91,"column":24},"end":{"line":190,"column":1}},"36":{"start":{"line":92,"column":17},"end":{"line":92,"column":27}},"37":{"start":{"line":94,"column":2},"end":{"line":189,"column":3}},"38":{"start":{"line":95,"column":17},"end":{"line":95,"column":40}},"39":{"start":{"line":96,"column":4},"end":{"line":98,"column":5}},"40":{"start":{"line":97,"column":6},"end":{"line":97,"column":63}},"41":{"start":{"line":100,"column":4},"end":{"line":102,"column":5}},"42":{"start":{"line":101,"column":6},"end":{"line":101,"column":63}},"43":{"start":{"line":104,"column":4},"end":{"line":104,"column":23}},"44":{"start":{"line":105,"column":4},"end":{"line":105,"column":30}},"45":{"start":{"line":106,"column":4},"end":{"line":106,"column":35}},"46":{"start":{"line":107,"column":19},"end":{"line":107,"column":36}},"47":{"start":{"line":109,"column":4},"end":{"line":184,"column":5}},"48":{"start":{"line":110,"column":6},"end":{"line":181,"column":7}},"49":{"start":{"line":111,"column":22},"end":{"line":111,"column":56}},"50":{"start":{"line":112,"column":20},"end":{"line":112,"column":51}},"51":{"start":{"line":115,"column":8},"end":{"line":143,"column":9}},"52":{"start":{"line":116,"column":10},"end":{"line":142,"column":69}},"53":{"start":{"line":142,"column":25},"end":{"line":142,"column":67}},"54":{"start":{"line":146,"column":8},"end":{"line":180,"column":9}},"55":{"start":{"line":147,"column":10},"end":{"line":179,"column":67}},"56":{"start":{"line":179,"column":25},"end":{"line":179,"column":65}},"57":{"start":{"line":183,"column":6},"end":{"line":183,"column":51}},"58":{"start":{"line":186,"column":4},"end":{"line":186,"column":33}},"59":{"start":{"line":188,"column":4},"end":{"line":188,"column":51}},"60":{"start":{"line":192,"column":26},"end":{"line":205,"column":1}},"61":{"start":{"line":193,"column":17},"end":{"line":193,"column":27}},"62":{"start":{"line":195,"column":2},"end":{"line":204,"column":3}},"63":{"start":{"line":196,"column":17},"end":{"line":196,"column":57}},"64":{"start":{"line":197,"column":4},"end":{"line":199,"column":5}},"65":{"start":{"line":198,"column":6},"end":{"line":198,"column":63}},"66":{"start":{"line":201,"column":4},"end":{"line":201,"column":31}},"67":{"start":{"line":203,"column":4},"end":{"line":203,"column":51}},"68":{"start":{"line":207,"column":22},"end":{"line":217,"column":1}},"69":{"start":{"line":208,"column":2},"end":{"line":216,"column":3}},"70":{"start":{"line":209,"column":19},"end":{"line":209,"column":30}},"71":{"start":{"line":210,"column":23},"end":{"line":212,"column":6}},"72":{"start":{"line":213,"column":4},"end":{"line":213,"column":37}},"73":{"start":{"line":215,"column":4},"end":{"line":215,"column":51}},"74":{"start":{"line":219,"column":0},"end":{"line":226,"column":2}}},"fnMap":{"0":{"name":"(anonymous_0)","decl":{"start":{"line":6,"column":29},"end":{"line":6,"column":30}},"loc":{"start":{"line":6,"column":49},"end":{"line":14,"column":1}},"line":6},"1":{"name":"(anonymous_1)","decl":{"start":{"line":16,"column":27},"end":{"line":16,"column":28}},"loc":{"start":{"line":16,"column":47},"end":{"line":23,"column":1}},"line":16},"2":{"name":"(anonymous_2)","decl":{"start":{"line":25,"column":24},"end":{"line":25,"column":25}},"loc":{"start":{"line":25,"column":44},"end":{"line":89,"column":1}},"line":25},"3":{"name":"(anonymous_3)","decl":{"start":{"line":78,"column":18},"end":{"line":78,"column":19}},"loc":{"start":{"line":78,"column":25},"end":{"line":78,"column":57}},"line":78},"4":{"name":"(anonymous_4)","decl":{"start":{"line":91,"column":24},"end":{"line":91,"column":25}},"loc":{"start":{"line":91,"column":44},"end":{"line":190,"column":1}},"line":91},"5":{"name":"(anonymous_5)","decl":{"start":{"line":142,"column":18},"end":{"line":142,"column":19}},"loc":{"start":{"line":142,"column":25},"end":{"line":142,"column":67}},"line":142},"6":{"name":"(anonymous_6)","decl":{"start":{"line":179,"column":18},"end":{"line":179,"column":19}},"loc":{"start":{"line":179,"column":25},"end":{"line":179,"column":65}},"line":179},"7":{"name":"(anonymous_7)","decl":{"start":{"line":192,"column":26},"end":{"line":192,"column":27}},"loc":{"start":{"line":192,"column":46},"end":{"line":205,"column":1}},"line":192},"8":{"name":"(anonymous_8)","decl":{"start":{"line":207,"column":22},"end":{"line":207,"column":23}},"loc":{"start":{"line":207,"column":42},"end":{"line":217,"column":1}},"line":207}},"branchMap":{"0":{"loc":{"start":{"line":27,"column":2},"end":{"line":29,"column":3}},"type":"if","locations":[{"start":{"line":27,"column":2},"end":{"line":29,"column":3}},{"start":{},"end":{}}],"line":27},"1":{"loc":{"start":{"line":27,"column":6},"end":{"line":27,"column":63}},"type":"binary-expr","locations":[{"start":{"line":27,"column":6},"end":{"line":27,"column":15}},{"start":{"line":27,"column":19},"end":{"line":27,"column":28}},{"start":{"line":27,"column":32},"end":{"line":27,"column":39}},{"start":{"line":27,"column":43},"end":{"line":27,"column":51}},{"start":{"line":27,"column":55},"end":{"line":27,"column":63}}],"line":27},"2":{"loc":{"start":{"line":33,"column":24},"end":{"line":33,"column":47}},"type":"binary-expr","locations":[{"start":{"line":33,"column":24},"end":{"line":33,"column":41}},{"start":{"line":33,"column":45},"end":{"line":33,"column":47}}],"line":33},"3":{"loc":{"start":{"line":36,"column":4},"end":{"line":37,"column":67}},"type":"if","locations":[{"start":{"line":36,"column":4},"end":{"line":37,"column":67}},{"start":{},"end":{}}],"line":36},"4":{"loc":{"start":{"line":51,"column":6},"end":{"line":80,"column":7}},"type":"if","locations":[{"start":{"line":51,"column":6},"end":{"line":80,"column":7}},{"start":{},"end":{}}],"line":51},"5":{"loc":{"start":{"line":53,"column":8},"end":{"line":79,"column":9}},"type":"if","locations":[{"start":{"line":53,"column":8},"end":{"line":79,"column":9}},{"start":{},"end":{}}],"line":53},"6":{"loc":{"start":{"line":53,"column":12},"end":{"line":53,"column":32}},"type":"binary-expr","locations":[{"start":{"line":53,"column":12},"end":{"line":53,"column":17}},{"start":{"line":53,"column":21},"end":{"line":53,"column":32}}],"line":53},"7":{"loc":{"start":{"line":61,"column":30},"end":{"line":61,"column":51}},"type":"binary-expr","locations":[{"start":{"line":61,"column":30},"end":{"line":61,"column":40}},{"start":{"line":61,"column":44},"end":{"line":61,"column":51}}],"line":61},"8":{"loc":{"start":{"line":96,"column":4},"end":{"line":98,"column":5}},"type":"if","locations":[{"start":{"line":96,"column":4},"end":{"line":98,"column":5}},{"start":{},"end":{}}],"line":96},"9":{"loc":{"start":{"line":100,"column":4},"end":{"line":102,"column":5}},"type":"if","locations":[{"start":{"line":100,"column":4},"end":{"line":102,"column":5}},{"start":{},"end":{}}],"line":100},"10":{"loc":{"start":{"line":110,"column":6},"end":{"line":181,"column":7}},"type":"if","locations":[{"start":{"line":110,"column":6},"end":{"line":181,"column":7}},{"start":{},"end":{}}],"line":110},"11":{"loc":{"start":{"line":115,"column":8},"end":{"line":143,"column":9}},"type":"if","locations":[{"start":{"line":115,"column":8},"end":{"line":143,"column":9}},{"start":{},"end":{}}],"line":115},"12":{"loc":{"start":{"line":115,"column":12},"end":{"line":115,"column":32}},"type":"binary-expr","locations":[{"start":{"line":115,"column":12},"end":{"line":115,"column":17}},{"start":{"line":115,"column":21},"end":{"line":115,"column":32}}],"line":115},"13":{"loc":{"start":{"line":123,"column":30},"end":{"line":123,"column":51}},"type":"binary-expr","locations":[{"start":{"line":123,"column":30},"end":{"line":123,"column":40}},{"start":{"line":123,"column":44},"end":{"line":123,"column":51}}],"line":123},"14":{"loc":{"start":{"line":128,"column":26},"end":{"line":128,"column":44}},"type":"binary-expr","locations":[{"start":{"line":128,"column":26},"end":{"line":128,"column":35}},{"start":{"line":128,"column":39},"end":{"line":128,"column":44}}],"line":128},"15":{"loc":{"start":{"line":129,"column":42},"end":{"line":129,"column":70}},"type":"binary-expr","locations":[{"start":{"line":129,"column":42},"end":{"line":129,"column":52}},{"start":{"line":129,"column":56},"end":{"line":129,"column":70}}],"line":129},"16":{"loc":{"start":{"line":146,"column":8},"end":{"line":180,"column":9}},"type":"if","locations":[{"start":{"line":146,"column":8},"end":{"line":180,"column":9}},{"start":{},"end":{}}],"line":146},"17":{"loc":{"start":{"line":146,"column":12},"end":{"line":146,"column":28}},"type":"binary-expr","locations":[{"start":{"line":146,"column":12},"end":{"line":146,"column":15}},{"start":{"line":146,"column":19},"end":{"line":146,"column":28}}],"line":146},"18":{"loc":{"start":{"line":154,"column":30},"end":{"line":154,"column":52}},"type":"binary-expr","locations":[{"start":{"line":154,"column":30},"end":{"line":154,"column":38}},{"start":{"line":154,"column":42},"end":{"line":154,"column":52}}],"line":154},"19":{"loc":{"start":{"line":165,"column":41},"end":{"line":165,"column":63}},"type":"binary-expr","locations":[{"start":{"line":165,"column":41},"end":{"line":165,"column":52}},{"start":{"line":165,"column":56},"end":{"line":165,"column":63}}],"line":165},"20":{"loc":{"start":{"line":166,"column":42},"end":{"line":166,"column":72}},"type":"binary-expr","locations":[{"start":{"line":166,"column":42},"end":{"line":166,"column":54}},{"start":{"line":166,"column":58},"end":{"line":166,"column":72}}],"line":166},"21":{"loc":{"start":{"line":197,"column":4},"end":{"line":199,"column":5}},"type":"if","locations":[{"start":{"line":197,"column":4},"end":{"line":199,"column":5}},{"start":{},"end":{}}],"line":197}},"s":{"0":1,"1":1,"2":1,"3":1,"4":1,"5":0,"6":0,"7":0,"8":0,"9":0,"10":1,"11":0,"12":0,"13":0,"14":0,"15":1,"16":2,"17":2,"18":1,"19":1,"20":1,"21":1,"22":1,"23":1,"24":1,"25":1,"26":1,"27":1,"28":0,"29":0,"30":0,"31":0,"32":0,"33":1,"34":0,"35":1,"36":2,"37":2,"38":2,"39":2,"40":0,"41":2,"42":1,"43":1,"44":1,"45":1,"46":1,"47":1,"48":1,"49":0,"50":0,"51":0,"52":0,"53":0,"54":0,"55":0,"56":0,"57":0,"58":1,"59":0,"60":1,"61":0,"62":0,"63":0,"64":0,"65":0,"66":0,"67":0,"68":1,"69":0,"70":0,"71":0,"72":0,"73":0,"74":1},"f":{"0":0,"1":0,"2":2,"3":0,"4":2,"5":0,"6":0,"7":0,"8":0},"b":{"0":[1,1],"1":[2,2,1,1,1],"2":[1,0],"3":[1,0],"4":[0,1],"5":[0,0],"6":[0,0],"7":[0,0],"8":[0,2],"9":[1,1],"10":[0,1],"11":[0,0],"12":[0,0],"13":[0,0],"14":[0,0],"15":[0,0],"16":[0,0],"17":[0,0],"18":[0,0],"19":[0,0],"20":[0,0],"21":[0,0]},"_coverageSchema":"1a1c01bbd47fc00a2c39e90264f33305004495a9","hash":"49df7ead5842601ca73dfb66e5b55db63ea0ba41"}
,"/home/Raya/Resource-Share/backend/controllers/donorController.js": {"path":"/home/Raya/Resource-Share/backend/controllers/donorController.js","statementMap":{"0":{"start":{"line":1,"column":14},"end":{"line":1,"column":45}},"1":{"start":{"line":2,"column":12},"end":{"line":2,"column":35}},"2":{"start":{"line":4,"column":20},"end":{"line":6,"column":1}},"3":{"start":{"line":5,"column":2},"end":{"line":5,"column":68}},"4":{"start":{"line":8,"column":20},"end":{"line":18,"column":1}},"5":{"start":{"line":9,"column":55},"end":{"line":9,"column":63}},"6":{"start":{"line":11,"column":2},"end":{"line":17,"column":3}},"7":{"start":{"line":12,"column":18},"end":{"line":12,"column":78}},"8":{"start":{"line":13,"column":18},"end":{"line":13,"column":40}},"9":{"start":{"line":14,"column":4},"end":{"line":14,"column":78}},"10":{"start":{"line":16,"column":4},"end":{"line":16,"column":51}},"11":{"start":{"line":20,"column":19},"end":{"line":30,"column":1}},"12":{"start":{"line":21,"column":30},"end":{"line":21,"column":38}},"13":{"start":{"line":23,"column":2},"end":{"line":29,"column":3}},"14":{"start":{"line":24,"column":18},"end":{"line":24,"column":52}},"15":{"start":{"line":25,"column":18},"end":{"line":25,"column":40}},"16":{"start":{"line":26,"column":4},"end":{"line":26,"column":53}},"17":{"start":{"line":28,"column":4},"end":{"line":28,"column":51}},"18":{"start":{"line":32,"column":23},"end":{"line":61,"column":1}},"19":{"start":{"line":33,"column":30},"end":{"line":33,"column":38}},"20":{"start":{"line":34,"column":2},"end":{"line":34,"column":23}},"21":{"start":{"line":35,"column":2},"end":{"line":35,"column":22}},"22":{"start":{"line":37,"column":2},"end":{"line":39,"column":3}},"23":{"start":{"line":38,"column":4},"end":{"line":38,"column":77}},"24":{"start":{"line":41,"column":2},"end":{"line":60,"column":3}},"25":{"start":{"line":42,"column":18},"end":{"line":42,"column":47}},"26":{"start":{"line":43,"column":4},"end":{"line":45,"column":5}},"27":{"start":{"line":44,"column":6},"end":{"line":44,"column":64}},"28":{"start":{"line":47,"column":4},"end":{"line":47,"column":34}},"29":{"start":{"line":48,"column":4},"end":{"line":48,"column":31}},"30":{"start":{"line":49,"column":4},"end":{"line":57,"column":7}},"31":{"start":{"line":59,"column":4},"end":{"line":59,"column":51}},"32":{"start":{"line":63,"column":0},"end":{"line":63,"column":61}}},"fnMap":{"0":{"name":"(anonymous_0)","decl":{"start":{"line":4,"column":20},"end":{"line":4,"column":21}},"loc":{"start":{"line":4,"column":29},"end":{"line":6,"column":1}},"line":4},"1":{"name":"(anonymous_1)","decl":{"start":{"line":8,"column":20},"end":{"line":8,"column":21}},"loc":{"start":{"line":8,"column":40},"end":{"line":18,"column":1}},"line":8},"2":{"name":"(anonymous_2)","decl":{"start":{"line":20,"column":19},"end":{"line":20,"column":20}},"loc":{"start":{"line":20,"column":39},"end":{"line":30,"column":1}},"line":20},"3":{"name":"(anonymous_3)","decl":{"start":{"line":32,"column":23},"end":{"line":32,"column":24}},"loc":{"start":{"line":32,"column":43},"end":{"line":61,"column":1}},"line":32}},"branchMap":{"0":{"loc":{"start":{"line":37,"column":2},"end":{"line":39,"column":3}},"type":"if","locations":[{"start":{"line":37,"column":2},"end":{"line":39,"column":3}},{"start":{},"end":{}}],"line":37},"1":{"loc":{"start":{"line":37,"column":6},"end":{"line":37,"column":30}},"type":"binary-expr","locations":[{"start":{"line":37,"column":6},"end":{"line":37,"column":16}},{"start":{"line":37,"column":20},"end":{"line":37,"column":30}}],"line":37},"2":{"loc":{"start":{"line":43,"column":4},"end":{"line":45,"column":5}},"type":"if","locations":[{"start":{"line":43,"column":4},"end":{"line":45,"column":5}},{"start":{},"end":{}}],"line":43}},"s":{"0":1,"1":1,"2":1,"3":2,"4":1,"5":0,"6":0,"7":0,"8":0,"9":0,"10":0,"11":1,"12":3,"13":3,"14":3,"15":2,"16":2,"17":1,"18":1,"19":2,"20":2,"21":2,"22":2,"23":1,"24":1,"25":1,"26":1,"27":0,"28":1,"29":1,"30":1,"31":0,"32":1},"f":{"0":2,"1":0,"2":3,"3":2},"b":{"0":[1,1],"1":[2,2],"2":[0,1]},"_coverageSchema":"1a1c01bbd47fc00a2c39e90264f33305004495a9","hash":"0f0c5822d7c9be2a60e56826ba6e2f63b8f8b47f"}
,"/home/Raya/Resource-Share/backend/middleware/requireDonorAuth.js": {"path":"/home/Raya/Resource-Share/backend/middleware/requireDonorAuth.js","statementMap":{"0":{"start":{"line":1,"column":12},"end":{"line":1,"column":35}},"1":{"start":{"line":2,"column":14},"end":{"line":2,"column":45}},"2":{"start":{"line":4,"column":25},"end":{"line":22,"column":1}},"3":{"start":{"line":5,"column":28},"end":{"line":5,"column":39}},"4":{"start":{"line":7,"column":2},"end":{"line":9,"column":3}},"5":{"start":{"line":8,"column":4},"end":{"line":8,"column":81}},"6":{"start":{"line":11,"column":16},"end":{"line":11,"column":43}},"7":{"start":{"line":13,"column":2},"end":{"line":21,"column":3}},"8":{"start":{"line":14,"column":20},"end":{"line":14,"column":57}},"9":{"start":{"line":16,"column":4},"end":{"line":16,"column":78}},"10":{"start":{"line":17,"column":4},"end":{"line":17,"column":11}},"11":{"start":{"line":19,"column":4},"end":{"line":19,"column":23}},"12":{"start":{"line":20,"column":4},"end":{"line":20,"column":65}},"13":{"start":{"line":24,"column":0},"end":{"line":24,"column":34}}},"fnMap":{"0":{"name":"(anonymous_0)","decl":{"start":{"line":4,"column":25},"end":{"line":4,"column":26}},"loc":{"start":{"line":4,"column":51},"end":{"line":22,"column":1}},"line":4}},"branchMap":{"0":{"loc":{"start":{"line":7,"column":2},"end":{"line":9,"column":3}},"type":"if","locations":[{"start":{"line":7,"column":2},"end":{"line":9,"column":3}},{"start":{},"end":{}}],"line":7},"1":{"loc":{"start":{"line":7,"column":6},"end":{"line":7,"column":59}},"type":"binary-expr","locations":[{"start":{"line":7,"column":6},"end":{"line":7,"column":20}},{"start":{"line":7,"column":24},"end":{"line":7,"column":59}}],"line":7}},"s":{"0":1,"1":1,"2":1,"3":12,"4":12,"5":0,"6":12,"7":12,"8":12,"9":12,"10":12,"11":0,"12":0,"13":1},"f":{"0":12},"b":{"0":[0,12],"1":[12,12]},"_coverageSchema":"1a1c01bbd47fc00a2c39e90264f33305004495a9","hash":"5f3fa76d926e3b3aefb6a2976d1128c5aea43975"}
,"/home/Raya/Resource-Share/backend/middleware/requireNGOAuth.js": {"path":"/home/Raya/Resource-Share/backend/middleware/requireNGOAuth.js","statementMap":{"0":{"start":{"line":1,"column":12},"end":{"line":1,"column":35}},"1":{"start":{"line":2,"column":12},"end":{"line":2,"column":41}},"2":{"start":{"line":4,"column":23},"end":{"line":21,"column":1}},"3":{"start":{"line":5,"column":28},"end":{"line":5,"column":39}},"4":{"start":{"line":6,"column":2},"end":{"line":8,"column":3}},"5":{"start":{"line":7,"column":4},"end":{"line":7,"column":79}},"6":{"start":{"line":10,"column":16},"end":{"line":10,"column":43}},"7":{"start":{"line":12,"column":2},"end":{"line":20,"column":3}},"8":{"start":{"line":13,"column":20},"end":{"line":13,"column":57}},"9":{"start":{"line":15,"column":4},"end":{"line":15,"column":61}},"10":{"start":{"line":16,"column":4},"end":{"line":16,"column":11}},"11":{"start":{"line":18,"column":4},"end":{"line":18,"column":23}},"12":{"start":{"line":19,"column":4},"end":{"line":19,"column":65}},"13":{"start":{"line":23,"column":0},"end":{"line":23,"column":32}}},"fnMap":{"0":{"name":"(anonymous_0)","decl":{"start":{"line":4,"column":23},"end":{"line":4,"column":24}},"loc":{"start":{"line":4,"column":49},"end":{"line":21,"column":1}},"line":4}},"branchMap":{"0":{"loc":{"start":{"line":6,"column":2},"end":{"line":8,"column":3}},"type":"if","locations":[{"start":{"line":6,"column":2},"end":{"line":8,"column":3}},{"start":{},"end":{}}],"line":6},"1":{"loc":{"start":{"line":6,"column":6},"end":{"line":6,"column":59}},"type":"binary-expr","locations":[{"start":{"line":6,"column":6},"end":{"line":6,"column":20}},{"start":{"line":6,"column":24},"end":{"line":6,"column":59}}],"line":6}},"s":{"0":1,"1":1,"2":1,"3":21,"4":21,"5":1,"6":20,"7":20,"8":20,"9":20,"10":20,"11":0,"12":0,"13":1},"f":{"0":21},"b":{"0":[1,20],"1":[21,20]},"_coverageSchema":"1a1c01bbd47fc00a2c39e90264f33305004495a9","hash":"2a2047beabbd3f5eae027e8e66816b50dcbd1464"}
,"/home/Raya/Resource-Share/backend/models/NGOModel.js": {"path":"/home/Raya/Resource-Share/backend/models/NGOModel.js","statementMap":{"0":{"start":{"line":1,"column":17},"end":{"line":1,"column":36}},"1":{"start":{"line":2,"column":15},"end":{"line":2,"column":30}},"2":{"start":{"line":3,"column":15},"end":{"line":3,"column":32}},"3":{"start":{"line":4,"column":18},"end":{"line":4,"column":38}},"4":{"start":{"line":6,"column":21},"end":{"line":26,"column":2}},"5":{"start":{"line":29,"column":0},"end":{"line":56,"column":2}},"6":{"start":{"line":30,"column":23},"end":{"line":30,"column":52}},"7":{"start":{"line":32,"column":2},"end":{"line":34,"column":3}},"8":{"start":{"line":33,"column":4},"end":{"line":33,"column":45}},"9":{"start":{"line":36,"column":2},"end":{"line":38,"column":3}},"10":{"start":{"line":37,"column":4},"end":{"line":37,"column":37}},"11":{"start":{"line":40,"column":2},"end":{"line":44,"column":3}},"12":{"start":{"line":41,"column":4},"end":{"line":43,"column":6}},"13":{"start":{"line":46,"column":2},"end":{"line":48,"column":3}},"14":{"start":{"line":47,"column":4},"end":{"line":47,"column":40}},"15":{"start":{"line":50,"column":15},"end":{"line":50,"column":39}},"16":{"start":{"line":51,"column":15},"end":{"line":51,"column":48}},"17":{"start":{"line":53,"column":14},"end":{"line":53,"column":72}},"18":{"start":{"line":55,"column":2},"end":{"line":55,"column":13}},"19":{"start":{"line":58,"column":0},"end":{"line":73,"column":2}},"20":{"start":{"line":59,"column":14},"end":{"line":59,"column":43}},"21":{"start":{"line":61,"column":2},"end":{"line":63,"column":3}},"22":{"start":{"line":62,"column":4},"end":{"line":62,"column":45}},"23":{"start":{"line":64,"column":2},"end":{"line":66,"column":3}},"24":{"start":{"line":65,"column":4},"end":{"line":65,"column":40}},"25":{"start":{"line":68,"column":16},"end":{"line":68,"column":60}},"26":{"start":{"line":69,"column":2},"end":{"line":71,"column":3}},"27":{"start":{"line":70,"column":4},"end":{"line":70,"column":38}},"28":{"start":{"line":72,"column":2},"end":{"line":72,"column":13}},"29":{"start":{"line":75,"column":12},"end":{"line":75,"column":51}},"30":{"start":{"line":76,"column":0},"end":{"line":76,"column":21}}},"fnMap":{"0":{"name":"(anonymous_0)","decl":{"start":{"line":29,"column":30},"end":{"line":29,"column":31}},"loc":{"start":{"line":29,"column":77},"end":{"line":56,"column":1}},"line":29},"1":{"name":"(anonymous_1)","decl":{"start":{"line":58,"column":29},"end":{"line":58,"column":30}},"loc":{"start":{"line":58,"column":62},"end":{"line":73,"column":1}},"line":58}},"branchMap":{"0":{"loc":{"start":{"line":32,"column":2},"end":{"line":34,"column":3}},"type":"if","locations":[{"start":{"line":32,"column":2},"end":{"line":34,"column":3}},{"start":{},"end":{}}],"line":32},"1":{"loc":{"start":{"line":32,"column":6},"end":{"line":32,"column":45}},"type":"binary-expr","locations":[{"start":{"line":32,"column":6},"end":{"line":32,"column":12}},{"start":{"line":32,"column":16},"end":{"line":32,"column":21}},{"start":{"line":32,"column":25},"end":{"line":32,"column":32}},{"start":{"line":32,"column":36},"end":{"line":32,"column":45}}],"line":32},"2":{"loc":{"start":{"line":36,"column":2},"end":{"line":38,"column":3}},"type":"if","locations":[{"start":{"line":36,"column":2},"end":{"line":38,"column":3}},{"start":{},"end":{}}],"line":36},"3":{"loc":{"start":{"line":40,"column":2},"end":{"line":44,"column":3}},"type":"if","locations":[{"start":{"line":40,"column":2},"end":{"line":44,"column":3}},{"start":{},"end":{}}],"line":40},"4":{"loc":{"start":{"line":46,"column":2},"end":{"line":48,"column":3}},"type":"if","locations":[{"start":{"line":46,"column":2},"end":{"line":48,"column":3}},{"start":{},"end":{}}],"line":46},"5":{"loc":{"start":{"line":61,"column":2},"end":{"line":63,"column":3}},"type":"if","locations":[{"start":{"line":61,"column":2},"end":{"line":63,"column":3}},{"start":{},"end":{}}],"line":61},"6":{"loc":{"start":{"line":61,"column":6},"end":{"line":61,"column":25}},"type":"binary-expr","locations":[{"start":{"line":61,"column":6},"end":{"line":61,"column":15}},{"start":{"line":61,"column":19},"end":{"line":61,"column":25}}],"line":61},"7":{"loc":{"start":{"line":64,"column":2},"end":{"line":66,"column":3}},"type":"if","locations":[{"start":{"line":64,"column":2},"end":{"line":66,"column":3}},{"start":{},"end":{}}],"line":64},"8":{"loc":{"start":{"line":69,"column":2},"end":{"line":71,"column":3}},"type":"if","locations":[{"start":{"line":69,"column":2},"end":{"line":71,"column":3}},{"start":{},"end":{}}],"line":69}},"s":{"0":1,"1":1,"2":1,"3":1,"4":1,"5":1,"6":0,"7":0,"8":0,"9":0,"10":0,"11":0,"12":0,"13":0,"14":0,"15":0,"16":0,"17":0,"18":0,"19":1,"20":3,"21":3,"22":1,"23":2,"24":0,"25":2,"26":2,"27":0,"28":2,"29":1,"30":1},"f":{"0":0,"1":3},"b":{"0":[0,0],"1":[0,0,0,0],"2":[0,0],"3":[0,0],"4":[0,0],"5":[1,2],"6":[3,2],"7":[0,2],"8":[0,2]},"_coverageSchema":"1a1c01bbd47fc00a2c39e90264f33305004495a9","hash":"582de7576e37d668c9cd7de4f1360b4da45f855b"}
,"/home/Raya/Resource-Share/backend/models/donateBooksModel.js": {"path":"/home/Raya/Resource-Share/backend/models/donateBooksModel.js","statementMap":{"0":{"start":{"line":1,"column":17},"end":{"line":1,"column":36}},"1":{"start":{"line":2,"column":15},"end":{"line":2,"column":30}},"2":{"start":{"line":4,"column":19},"end":{"line":53,"column":1}},"3":{"start":{"line":23,"column":10},"end":{"line":23,"column":34}},"4":{"start":{"line":25,"column":28},"end":{"line":25,"column":76}},"5":{"start":{"line":55,"column":13},"end":{"line":55,"column":47}},"6":{"start":{"line":56,"column":0},"end":{"line":56,"column":22}}},"fnMap":{"0":{"name":"(anonymous_0)","decl":{"start":{"line":22,"column":19},"end":{"line":22,"column":20}},"loc":{"start":{"line":22,"column":32},"end":{"line":24,"column":9}},"line":22},"1":{"name":"(anonymous_1)","decl":{"start":{"line":25,"column":17},"end":{"line":25,"column":18}},"loc":{"start":{"line":25,"column":28},"end":{"line":25,"column":76}},"line":25}},"branchMap":{},"s":{"0":1,"1":1,"2":1,"3":0,"4":0,"5":1,"6":1},"f":{"0":0,"1":0},"b":{},"_coverageSchema":"1a1c01bbd47fc00a2c39e90264f33305004495a9","hash":"92bcfe4b8256e10aea12c0cd19512b48b1e7b52b"}
,"/home/Raya/Resource-Share/backend/models/donateClothesModel.js": {"path":"/home/Raya/Resource-Share/backend/models/donateClothesModel.js","statementMap":{"0":{"start":{"line":1,"column":17},"end":{"line":1,"column":36}},"1":{"start":{"line":2,"column":15},"end":{"line":2,"column":30}},"2":{"start":{"line":4,"column":22},"end":{"line":53,"column":1}},"3":{"start":{"line":23,"column":10},"end":{"line":23,"column":34}},"4":{"start":{"line":25,"column":28},"end":{"line":25,"column":76}},"5":{"start":{"line":55,"column":16},"end":{"line":55,"column":56}},"6":{"start":{"line":56,"column":0},"end":{"line":56,"column":25}}},"fnMap":{"0":{"name":"(anonymous_0)","decl":{"start":{"line":22,"column":19},"end":{"line":22,"column":20}},"loc":{"start":{"line":22,"column":32},"end":{"line":24,"column":9}},"line":22},"1":{"name":"(anonymous_1)","decl":{"start":{"line":25,"column":17},"end":{"line":25,"column":18}},"loc":{"start":{"line":25,"column":28},"end":{"line":25,"column":76}},"line":25}},"branchMap":{},"s":{"0":1,"1":1,"2":1,"3":0,"4":0,"5":1,"6":1},"f":{"0":0,"1":0},"b":{},"_coverageSchema":"1a1c01bbd47fc00a2c39e90264f33305004495a9","hash":"4bd7bf08982bb751ebabc2356d22147093b6d7ac"}
,"/home/Raya/Resource-Share/backend/models/donateFoodModel.js": {"path":"/home/Raya/Resource-Share/backend/models/donateFoodModel.js","statementMap":{"0":{"start":{"line":1,"column":17},"end":{"line":1,"column":36}},"1":{"start":{"line":2,"column":15},"end":{"line":2,"column":30}},"2":{"start":{"line":4,"column":19},"end":{"line":57,"column":1}},"3":{"start":{"line":27,"column":10},"end":{"line":27,"column":34}},"4":{"start":{"line":29,"column":28},"end":{"line":29,"column":76}},"5":{"start":{"line":59,"column":13},"end":{"line":59,"column":47}},"6":{"start":{"line":60,"column":0},"end":{"line":60,"column":22}}},"fnMap":{"0":{"name":"(anonymous_0)","decl":{"start":{"line":26,"column":19},"end":{"line":26,"column":20}},"loc":{"start":{"line":26,"column":32},"end":{"line":28,"column":9}},"line":26},"1":{"name":"(anonymous_1)","decl":{"start":{"line":29,"column":17},"end":{"line":29,"column":18}},"loc":{"start":{"line":29,"column":28},"end":{"line":29,"column":76}},"line":29}},"branchMap":{},"s":{"0":1,"1":1,"2":1,"3":0,"4":0,"5":1,"6":1},"f":{"0":0,"1":0},"b":{},"_coverageSchema":"1a1c01bbd47fc00a2c39e90264f33305004495a9","hash":"7fa6de326d8f98135ed7411f55d4ca342efecf4b"}
,"/home/Raya/Resource-Share/backend/models/donorModel.js": {"path":"/home/Raya/Resource-Share/backend/models/donorModel.js","statementMap":{"0":{"start":{"line":1,"column":17},"end":{"line":1,"column":36}},"1":{"start":{"line":2,"column":15},"end":{"line":2,"column":30}},"2":{"start":{"line":3,"column":15},"end":{"line":3,"column":32}},"3":{"start":{"line":4,"column":18},"end":{"line":4,"column":38}},"4":{"start":{"line":6,"column":21},"end":{"line":38,"column":2}},"5":{"start":{"line":41,"column":0},"end":{"line":80,"column":2}},"6":{"start":{"line":48,"column":23},"end":{"line":48,"column":52}},"7":{"start":{"line":50,"column":2},"end":{"line":52,"column":3}},"8":{"start":{"line":51,"column":4},"end":{"line":51,"column":45}},"9":{"start":{"line":54,"column":2},"end":{"line":56,"column":3}},"10":{"start":{"line":55,"column":4},"end":{"line":55,"column":37}},"11":{"start":{"line":58,"column":2},"end":{"line":62,"column":3}},"12":{"start":{"line":59,"column":4},"end":{"line":61,"column":6}},"13":{"start":{"line":64,"column":2},"end":{"line":66,"column":3}},"14":{"start":{"line":65,"column":4},"end":{"line":65,"column":40}},"15":{"start":{"line":68,"column":15},"end":{"line":68,"column":39}},"16":{"start":{"line":69,"column":15},"end":{"line":69,"column":48}},"17":{"start":{"line":71,"column":16},"end":{"line":77,"column":4}},"18":{"start":{"line":79,"column":2},"end":{"line":79,"column":15}},"19":{"start":{"line":82,"column":0},"end":{"line":97,"column":2}},"20":{"start":{"line":83,"column":16},"end":{"line":83,"column":45}},"21":{"start":{"line":85,"column":2},"end":{"line":87,"column":3}},"22":{"start":{"line":86,"column":4},"end":{"line":86,"column":45}},"23":{"start":{"line":88,"column":2},"end":{"line":90,"column":3}},"24":{"start":{"line":89,"column":4},"end":{"line":89,"column":40}},"25":{"start":{"line":92,"column":16},"end":{"line":92,"column":62}},"26":{"start":{"line":93,"column":2},"end":{"line":95,"column":3}},"27":{"start":{"line":94,"column":4},"end":{"line":94,"column":38}},"28":{"start":{"line":96,"column":2},"end":{"line":96,"column":15}},"29":{"start":{"line":99,"column":0},"end":{"line":110,"column":2}},"30":{"start":{"line":100,"column":2},"end":{"line":102,"column":3}},"31":{"start":{"line":101,"column":4},"end":{"line":101,"column":50}},"32":{"start":{"line":104,"column":2},"end":{"line":104,"column":28}},"33":{"start":{"line":105,"column":2},"end":{"line":106,"column":76}},"34":{"start":{"line":106,"column":39},"end":{"line":106,"column":49}},"35":{"start":{"line":107,"column":2},"end":{"line":107,"column":20}},"36":{"start":{"line":109,"column":2},"end":{"line":109,"column":14}},"37":{"start":{"line":112,"column":14},"end":{"line":112,"column":55}},"38":{"start":{"line":113,"column":0},"end":{"line":113,"column":23}}},"fnMap":{"0":{"name":"(anonymous_0)","decl":{"start":{"line":41,"column":30},"end":{"line":41,"column":31}},"loc":{"start":{"line":47,"column":2},"end":{"line":80,"column":1}},"line":47},"1":{"name":"(anonymous_1)","decl":{"start":{"line":82,"column":29},"end":{"line":82,"column":30}},"loc":{"start":{"line":82,"column":62},"end":{"line":97,"column":1}},"line":82},"2":{"name":"(anonymous_2)","decl":{"start":{"line":99,"column":33},"end":{"line":99,"column":34}},"loc":{"start":{"line":99,"column":57},"end":{"line":110,"column":1}},"line":99},"3":{"name":"(anonymous_3)","decl":{"start":{"line":106,"column":24},"end":{"line":106,"column":25}},"loc":{"start":{"line":106,"column":39},"end":{"line":106,"column":49}},"line":106}},"branchMap":{"0":{"loc":{"start":{"line":50,"column":2},"end":{"line":52,"column":3}},"type":"if","locations":[{"start":{"line":50,"column":2},"end":{"line":52,"column":3}},{"start":{},"end":{}}],"line":50},"1":{"loc":{"start":{"line":50,"column":6},"end":{"line":50,"column":59}},"type":"binary-expr","locations":[{"start":{"line":50,"column":6},"end":{"line":50,"column":12}},{"start":{"line":50,"column":16},"end":{"line":50,"column":21}},{"start":{"line":50,"column":25},"end":{"line":50,"column":33}},{"start":{"line":50,"column":37},"end":{"line":50,"column":46}},{"start":{"line":50,"column":50},"end":{"line":50,"column":59}}],"line":50},"2":{"loc":{"start":{"line":54,"column":2},"end":{"line":56,"column":3}},"type":"if","locations":[{"start":{"line":54,"column":2},"end":{"line":56,"column":3}},{"start":{},"end":{}}],"line":54},"3":{"loc":{"start":{"line":58,"column":2},"end":{"line":62,"column":3}},"type":"if","locations":[{"start":{"line":58,"column":2},"end":{"line":62,"column":3}},{"start":{},"end":{}}],"line":58},"4":{"loc":{"start":{"line":64,"column":2},"end":{"line":66,"column":3}},"type":"if","locations":[{"start":{"line":64,"column":2},"end":{"line":66,"column":3}},{"start":{},"end":{}}],"line":64},"5":{"loc":{"start":{"line":85,"column":2},"end":{"line":87,"column":3}},"type":"if","locations":[{"start":{"line":85,"column":2},"end":{"line":87,"column":3}},{"start":{},"end":{}}],"line":85},"6":{"loc":{"start":{"line":85,"column":6},"end":{"line":85,"column":25}},"type":"binary-expr","locations":[{"start":{"line":85,"column":6},"end":{"line":85,"column":15}},{"start":{"line":85,"column":19},"end":{"line":85,"column":25}}],"line":85},"7":{"loc":{"start":{"line":88,"column":2},"end":{"line":90,"column":3}},"type":"if","locations":[{"start":{"line":88,"column":2},"end":{"line":90,"column":3}},{"start":{},"end":{}}],"line":88},"8":{"loc":{"start":{"line":93,"column":2},"end":{"line":95,"column":3}},"type":"if","locations":[{"start":{"line":93,"column":2},"end":{"line":95,"column":3}},{"start":{},"end":{}}],"line":93},"9":{"loc":{"start":{"line":100,"column":2},"end":{"line":102,"column":3}},"type":"if","locations":[{"start":{"line":100,"column":2},"end":{"line":102,"column":3}},{"start":{},"end":{}}],"line":100},"10":{"loc":{"start":{"line":100,"column":6},"end":{"line":100,"column":30}},"type":"binary-expr","locations":[{"start":{"line":100,"column":6},"end":{"line":100,"column":16}},{"start":{"line":100,"column":20},"end":{"line":100,"column":30}}],"line":100}},"s":{"0":1,"1":1,"2":1,"3":1,"4":1,"5":1,"6":0,"7":0,"8":0,"9":0,"10":0,"11":0,"12":0,"13":0,"14":0,"15":0,"16":0,"17":0,"18":0,"19":1,"20":3,"21":3,"22":0,"23":3,"24":0,"25":3,"26":3,"27":1,"28":2,"29":1,"30":1,"31":0,"32":1,"33":1,"34":9,"35":1,"36":1,"37":1,"38":1},"f":{"0":0,"1":3,"2":1,"3":9},"b":{"0":[0,0],"1":[0,0,0,0,0],"2":[0,0],"3":[0,0],"4":[0,0],"5":[0,3],"6":[3,3],"7":[0,3],"8":[1,2],"9":[0,1],"10":[1,1]},"_coverageSchema":"1a1c01bbd47fc00a2c39e90264f33305004495a9","hash":"42733f208c6ec222c21a921fe0515521e31f185b"}
,"/home/Raya/Resource-Share/backend/routes/NGO.js": {"path":"/home/Raya/Resource-Share/backend/routes/NGO.js","statementMap":{"0":{"start":{"line":1,"column":16},"end":{"line":1,"column":34}},"1":{"start":{"line":2,"column":15},"end":{"line":2,"column":31}},"2":{"start":{"line":4,"column":32},"end":{"line":4,"column":71}},"3":{"start":{"line":6,"column":0},"end":{"line":6,"column":32}},"4":{"start":{"line":7,"column":0},"end":{"line":7,"column":34}},"5":{"start":{"line":9,"column":0},"end":{"line":9,"column":24}}},"fnMap":{},"branchMap":{},"s":{"0":1,"1":1,"2":1,"3":1,"4":1,"5":1},"f":{},"b":{},"_coverageSchema":"1a1c01bbd47fc00a2c39e90264f33305004495a9","hash":"8f75d3ae16d656946d80d7239a18df7e6b933318"}
,"/home/Raya/Resource-Share/backend/routes/booksDonor.js": {"path":"/home/Raya/Resource-Share/backend/routes/booksDonor.js","statementMap":{"0":{"start":{"line":1,"column":16},"end":{"line":1,"column":34}},"1":{"start":{"line":2,"column":70},"end":{"line":2,"column":117}},"2":{"start":{"line":3,"column":25},"end":{"line":3,"column":66}},"3":{"start":{"line":5,"column":15},"end":{"line":5,"column":31}},"4":{"start":{"line":6,"column":0},"end":{"line":6,"column":28}},"5":{"start":{"line":8,"column":0},"end":{"line":8,"column":44}},"6":{"start":{"line":9,"column":0},"end":{"line":9,"column":43}},"7":{"start":{"line":10,"column":0},"end":{"line":10,"column":40}},"8":{"start":{"line":12,"column":0},"end":{"line":12,"column":23}}},"fnMap":{},"branchMap":{},"s":{"0":1,"1":1,"2":1,"3":1,"4":1,"5":1,"6":1,"7":1,"8":1},"f":{},"b":{},"_coverageSchema":"1a1c01bbd47fc00a2c39e90264f33305004495a9","hash":"e7d8e5f156f2b7ac207464fbff332ed97ca8a962"}
,"/home/Raya/Resource-Share/backend/routes/booksNGO.js": {"path":"/home/Raya/Resource-Share/backend/routes/booksNGO.js","statementMap":{"0":{"start":{"line":1,"column":16},"end":{"line":1,"column":34}},"1":{"start":{"line":2,"column":64},"end":{"line":2,"column":111}},"2":{"start":{"line":3,"column":23},"end":{"line":3,"column":62}},"3":{"start":{"line":5,"column":15},"end":{"line":5,"column":31}},"4":{"start":{"line":6,"column":0},"end":{"line":6,"column":26}},"5":{"start":{"line":8,"column":0},"end":{"line":8,"column":43}},"6":{"start":{"line":9,"column":0},"end":{"line":9,"column":45}},"7":{"start":{"line":10,"column":0},"end":{"line":10,"column":44}},"8":{"start":{"line":12,"column":0},"end":{"line":12,"column":23}}},"fnMap":{},"branchMap":{},"s":{"0":1,"1":1,"2":1,"3":1,"4":1,"5":1,"6":1,"7":1,"8":1},"f":{},"b":{},"_coverageSchema":"1a1c01bbd47fc00a2c39e90264f33305004495a9","hash":"b0199f49045acc09926359c9c56a4970a43b9ed5"}
,"/home/Raya/Resource-Share/backend/routes/clothesDonor.js": {"path":"/home/Raya/Resource-Share/backend/routes/clothesDonor.js","statementMap":{"0":{"start":{"line":1,"column":16},"end":{"line":1,"column":34}},"1":{"start":{"line":2,"column":76},"end":{"line":2,"column":125}},"2":{"start":{"line":3,"column":25},"end":{"line":3,"column":66}},"3":{"start":{"line":5,"column":15},"end":{"line":5,"column":31}},"4":{"start":{"line":6,"column":0},"end":{"line":6,"column":28}},"5":{"start":{"line":8,"column":0},"end":{"line":8,"column":49}},"6":{"start":{"line":9,"column":0},"end":{"line":9,"column":48}},"7":{"start":{"line":10,"column":0},"end":{"line":10,"column":42}},"8":{"start":{"line":12,"column":0},"end":{"line":12,"column":23}}},"fnMap":{},"branchMap":{},"s":{"0":1,"1":1,"2":1,"3":1,"4":1,"5":1,"6":1,"7":1,"8":1},"f":{},"b":{},"_coverageSchema":"1a1c01bbd47fc00a2c39e90264f33305004495a9","hash":"93053c6718877ab5121adc6b50b8662e001c54e6"}
,"/home/Raya/Resource-Share/backend/routes/clothesNGO.js": {"path":"/home/Raya/Resource-Share/backend/routes/clothesNGO.js","statementMap":{"0":{"start":{"line":1,"column":16},"end":{"line":1,"column":34}},"1":{"start":{"line":2,"column":70},"end":{"line":2,"column":119}},"2":{"start":{"line":3,"column":23},"end":{"line":3,"column":62}},"3":{"start":{"line":5,"column":15},"end":{"line":5,"column":31}},"4":{"start":{"line":6,"column":0},"end":{"line":6,"column":26}},"5":{"start":{"line":8,"column":0},"end":{"line":8,"column":47}},"6":{"start":{"line":9,"column":0},"end":{"line":9,"column":49}},"7":{"start":{"line":10,"column":0},"end":{"line":10,"column":48}},"8":{"start":{"line":12,"column":0},"end":{"line":12,"column":23}}},"fnMap":{},"branchMap":{},"s":{"0":1,"1":1,"2":1,"3":1,"4":1,"5":1,"6":1,"7":1,"8":1},"f":{},"b":{},"_coverageSchema":"1a1c01bbd47fc00a2c39e90264f33305004495a9","hash":"cc735265dc9c3f756a259a1e008e2fd990462b83"}
,"/home/Raya/Resource-Share/backend/routes/donor.js": {"path":"/home/Raya/Resource-Share/backend/routes/donor.js","statementMap":{"0":{"start":{"line":1,"column":16},"end":{"line":1,"column":34}},"1":{"start":{"line":2,"column":52},"end":{"line":2,"column":93}},"2":{"start":{"line":3,"column":23},"end":{"line":3,"column":62}},"3":{"start":{"line":5,"column":15},"end":{"line":5,"column":31}},"4":{"start":{"line":7,"column":0},"end":{"line":7,"column":34}},"5":{"start":{"line":8,"column":0},"end":{"line":8,"column":36}},"6":{"start":{"line":9,"column":0},"end":{"line":9,"column":26}},"7":{"start":{"line":10,"column":0},"end":{"line":10,"column":42}},"8":{"start":{"line":12,"column":0},"end":{"line":12,"column":24}}},"fnMap":{},"branchMap":{},"s":{"0":1,"1":1,"2":1,"3":1,"4":1,"5":1,"6":1,"7":1,"8":1},"f":{},"b":{},"_coverageSchema":"1a1c01bbd47fc00a2c39e90264f33305004495a9","hash":"5a61f808d0f2ae4e95c7025162060f161bfb90ba"}
,"/home/Raya/Resource-Share/backend/routes/foodDonor.js": {"path":"/home/Raya/Resource-Share/backend/routes/foodDonor.js","statementMap":{"0":{"start":{"line":1,"column":16},"end":{"line":1,"column":34}},"1":{"start":{"line":2,"column":68},"end":{"line":2,"column":114}},"2":{"start":{"line":3,"column":25},"end":{"line":3,"column":66}},"3":{"start":{"line":5,"column":15},"end":{"line":5,"column":31}},"4":{"start":{"line":6,"column":0},"end":{"line":6,"column":28}},"5":{"start":{"line":8,"column":0},"end":{"line":8,"column":44}},"6":{"start":{"line":9,"column":0},"end":{"line":9,"column":42}},"7":{"start":{"line":10,"column":0},"end":{"line":10,"column":39}},"8":{"start":{"line":12,"column":0},"end":{"line":12,"column":23}}},"fnMap":{},"branchMap":{},"s":{"0":1,"1":1,"2":1,"3":1,"4":1,"5":1,"6":1,"7":1,"8":1},"f":{},"b":{},"_coverageSchema":"1a1c01bbd47fc00a2c39e90264f33305004495a9","hash":"9c0c837f47c0d6c0022d1337b48bd422285a528a"}
,"/home/Raya/Resource-Share/backend/routes/foodNGO.js": {"path":"/home/Raya/Resource-Share/backend/routes/foodNGO.js","statementMap":{"0":{"start":{"line":1,"column":16},"end":{"line":1,"column":34}},"1":{"start":{"line":2,"column":62},"end":{"line":2,"column":108}},"2":{"start":{"line":3,"column":23},"end":{"line":3,"column":62}},"3":{"start":{"line":5,"column":15},"end":{"line":5,"column":31}},"4":{"start":{"line":6,"column":0},"end":{"line":6,"column":26}},"5":{"start":{"line":8,"column":0},"end":{"line":8,"column":42}},"6":{"start":{"line":9,"column":0},"end":{"line":9,"column":43}},"7":{"start":{"line":10,"column":0},"end":{"line":10,"column":42}},"8":{"start":{"line":12,"column":0},"end":{"line":12,"column":23}}},"fnMap":{},"branchMap":{},"s":{"0":1,"1":1,"2":1,"3":1,"4":1,"5":1,"6":1,"7":1,"8":1},"f":{},"b":{},"_coverageSchema":"1a1c01bbd47fc00a2c39e90264f33305004495a9","hash":"44f6fc2d8f564716ebae4664468be571da9e9ee1"}
}
