TN:
SF:sendEmail.js
FN:4,(anonymous_0)
FN:14,(anonymous_1)
FNF:2
FNH:0
FNDA:0,(anonymous_0)
FNDA:0,(anonymous_1)
DA:2,1
DA:4,1
DA:5,0
DA:14,1
DA:15,0
DA:16,0
DA:17,0
DA:18,0
DA:21,0
DA:22,0
DA:29,0
DA:30,0
DA:32,0
DA:33,0
DA:37,1
LF:15
LH:4
BRDA:6,0,0,0
BRDA:6,0,1,0
BRDA:16,1,0,0
BRDA:16,1,1,0
BRDA:16,2,0,0
BRDA:16,2,1,0
BRF:6
BRH:0
end_of_record
TN:
SF:server.js
FN:22,(anonymous_0)
FN:38,(anonymous_1)
FN:40,(anonymous_2)
FN:44,(anonymous_3)
FNF:4
FNH:3
FNDA:21,(anonymous_0)
FNDA:1,(anonymous_1)
FNDA:1,(anonymous_2)
FNDA:0,(anonymous_3)
DA:1,1
DA:3,1
DA:4,1
DA:5,1
DA:8,1
DA:9,1
DA:10,1
DA:11,1
DA:12,1
DA:13,1
DA:14,1
DA:15,1
DA:17,1
DA:19,1
DA:20,1
DA:22,1
DA:24,21
DA:27,1
DA:28,1
DA:29,1
DA:30,1
DA:31,1
DA:32,1
DA:33,1
DA:34,1
DA:36,1
DA:39,1
DA:40,1
DA:41,1
DA:45,0
DA:48,1
LF:31
LH:30
BRDA:39,0,0,1
BRDA:39,0,1,0
BRF:2
BRH:1
end_of_record
TN:
SF:controllers/NGOController.js
FN:4,(anonymous_0)
FN:8,(anonymous_1)
FN:20,(anonymous_2)
FNF:3
FNH:2
FNDA:2,(anonymous_0)
FNDA:0,(anonymous_1)
FNDA:3,(anonymous_2)
DA:1,1
DA:2,1
DA:4,1
DA:5,2
DA:8,1
DA:9,0
DA:11,0
DA:12,0
DA:13,0
DA:14,0
DA:16,0
DA:20,1
DA:21,3
DA:23,3
DA:24,3
DA:25,2
DA:26,2
DA:28,1
DA:32,1
LF:19
LH:13
BRF:0
BRH:0
end_of_record
TN:
SF:controllers/donateBooksController.js
FN:6,(anonymous_0)
FN:16,(anonymous_1)
FN:25,(anonymous_2)
FN:77,(anonymous_3)
FN:90,(anonymous_4)
FN:141,(anonymous_5)
FN:178,(anonymous_6)
FN:191,(anonymous_7)
FN:206,(anonymous_8)
FNF:9
FNH:2
FNDA:0,(anonymous_0)
FNDA:0,(anonymous_1)
FNDA:2,(anonymous_2)
FNDA:0,(anonymous_3)
FNDA:2,(anonymous_4)
FNDA:0,(anonymous_5)
FNDA:0,(anonymous_6)
FNDA:0,(anonymous_7)
FNDA:0,(anonymous_8)
DA:1,1
DA:2,1
DA:3,1
DA:4,1
DA:6,1
DA:7,0
DA:8,0
DA:9,0
DA:10,0
DA:12,0
DA:16,1
DA:17,0
DA:18,0
DA:19,0
DA:21,0
DA:25,1
DA:26,2
DA:27,2
DA:28,1
DA:31,1
DA:32,1
DA:33,1
DA:35,1
DA:36,1
DA:37,1
DA:39,1
DA:49,1
DA:50,1
DA:51,0
DA:52,0
DA:53,0
DA:77,0
DA:81,0
DA:84,1
DA:86,0
DA:90,1
DA:91,2
DA:93,2
DA:94,2
DA:95,2
DA:96,0
DA:99,2
DA:100,1
DA:103,1
DA:104,1
DA:105,1
DA:106,1
DA:108,1
DA:109,1
DA:110,0
DA:111,0
DA:114,0
DA:115,0
DA:141,0
DA:145,0
DA:146,0
DA:178,0
DA:182,0
DA:185,1
DA:187,0
DA:191,1
DA:192,0
DA:194,0
DA:195,0
DA:196,0
DA:197,0
DA:200,0
DA:202,0
DA:206,1
DA:207,0
DA:208,0
DA:213,0
DA:215,0
DA:219,1
LF:74
LH:37
BRDA:27,0,0,1
BRDA:27,0,1,1
BRDA:27,1,0,2
BRDA:27,1,1,2
BRDA:27,1,2,1
BRDA:27,1,3,1
BRDA:32,2,0,1
BRDA:32,2,1,1
BRDA:33,3,0,1
BRDA:33,3,1,0
BRDA:36,4,0,1
BRDA:36,4,1,0
BRDA:50,5,0,0
BRDA:50,5,1,1
BRDA:52,6,0,0
BRDA:52,6,1,0
BRDA:52,7,0,0
BRDA:52,7,1,0
BRDA:60,8,0,0
BRDA:60,8,1,0
BRDA:95,9,0,0
BRDA:95,9,1,2
BRDA:99,10,0,1
BRDA:99,10,1,1
BRDA:109,11,0,0
BRDA:109,11,1,1
BRDA:114,12,0,0
BRDA:114,12,1,0
BRDA:114,13,0,0
BRDA:114,13,1,0
BRDA:122,14,0,0
BRDA:122,14,1,0
BRDA:127,15,0,0
BRDA:127,15,1,0
BRDA:128,16,0,0
BRDA:128,16,1,0
BRDA:145,17,0,0
BRDA:145,17,1,0
BRDA:145,18,0,0
BRDA:145,18,1,0
BRDA:153,19,0,0
BRDA:153,19,1,0
BRDA:164,20,0,0
BRDA:164,20,1,0
BRDA:165,21,0,0
BRDA:165,21,1,0
BRDA:196,22,0,0
BRDA:196,22,1,0
BRF:48
BRH:15
end_of_record
TN:
SF:controllers/donateClothesController.js
FN:6,(anonymous_0)
FN:18,(anonymous_1)
FN:29,(anonymous_2)
FN:82,(anonymous_3)
FN:95,(anonymous_4)
FN:146,(anonymous_5)
FN:183,(anonymous_6)
FN:196,(anonymous_7)
FN:211,(anonymous_8)
FNF:9
FNH:2
FNDA:0,(anonymous_0)
FNDA:0,(anonymous_1)
FNDA:2,(anonymous_2)
FNDA:0,(anonymous_3)
FNDA:2,(anonymous_4)
FNDA:0,(anonymous_5)
FNDA:0,(anonymous_6)
FNDA:0,(anonymous_7)
FNDA:0,(anonymous_8)
DA:1,1
DA:2,1
DA:3,1
DA:4,1
DA:6,1
DA:7,0
DA:8,0
DA:9,0
DA:12,0
DA:14,0
DA:18,1
DA:19,0
DA:20,0
DA:23,0
DA:25,0
DA:29,1
DA:30,2
DA:31,2
DA:32,1
DA:35,1
DA:36,1
DA:38,1
DA:40,1
DA:41,1
DA:42,1
DA:44,1
DA:54,1
DA:55,1
DA:56,0
DA:57,0
DA:58,0
DA:82,0
DA:86,0
DA:89,1
DA:91,0
DA:95,1
DA:96,2
DA:98,2
DA:99,2
DA:100,2
DA:101,0
DA:104,2
DA:105,1
DA:108,1
DA:109,1
DA:110,1
DA:111,1
DA:113,1
DA:114,1
DA:115,0
DA:116,0
DA:119,0
DA:120,0
DA:146,0
DA:150,0
DA:151,0
DA:183,0
DA:187,0
DA:190,1
DA:192,0
DA:196,1
DA:197,0
DA:199,0
DA:200,0
DA:201,0
DA:202,0
DA:205,0
DA:207,0
DA:211,1
DA:212,0
DA:213,0
DA:214,0
DA:217,0
DA:219,0
DA:223,1
LF:75
LH:37
BRDA:31,0,0,1
BRDA:31,0,1,1
BRDA:31,1,0,2
BRDA:31,1,1,2
BRDA:31,1,2,1
BRDA:31,1,3,1
BRDA:38,2,0,1
BRDA:38,2,1,0
BRDA:41,3,0,1
BRDA:41,3,1,0
BRDA:55,4,0,0
BRDA:55,4,1,1
BRDA:57,5,0,0
BRDA:57,5,1,0
BRDA:57,6,0,0
BRDA:57,6,1,0
BRDA:65,7,0,0
BRDA:65,7,1,0
BRDA:100,8,0,0
BRDA:100,8,1,2
BRDA:104,9,0,1
BRDA:104,9,1,1
BRDA:114,10,0,0
BRDA:114,10,1,1
BRDA:119,11,0,0
BRDA:119,11,1,0
BRDA:119,12,0,0
BRDA:119,12,1,0
BRDA:127,13,0,0
BRDA:127,13,1,0
BRDA:132,14,0,0
BRDA:132,14,1,0
BRDA:133,15,0,0
BRDA:133,15,1,0
BRDA:150,16,0,0
BRDA:150,16,1,0
BRDA:150,17,0,0
BRDA:150,17,1,0
BRDA:158,18,0,0
BRDA:158,18,1,0
BRDA:169,19,0,0
BRDA:169,19,1,0
BRDA:170,20,0,0
BRDA:170,20,1,0
BRDA:201,21,0,0
BRDA:201,21,1,0
BRF:46
BRH:13
end_of_record
TN:
SF:controllers/donateFoodController.js
FN:6,(anonymous_0)
FN:16,(anonymous_1)
FN:25,(anonymous_2)
FN:78,(anonymous_3)
FN:91,(anonymous_4)
FN:142,(anonymous_5)
FN:179,(anonymous_6)
FN:192,(anonymous_7)
FN:207,(anonymous_8)
FNF:9
FNH:2
FNDA:0,(anonymous_0)
FNDA:0,(anonymous_1)
FNDA:2,(anonymous_2)
FNDA:0,(anonymous_3)
FNDA:2,(anonymous_4)
FNDA:0,(anonymous_5)
FNDA:0,(anonymous_6)
FNDA:0,(anonymous_7)
FNDA:0,(anonymous_8)
DA:1,1
DA:2,1
DA:3,1
DA:4,1
DA:6,1
DA:7,0
DA:8,0
DA:9,0
DA:10,0
DA:12,0
DA:16,1
DA:17,0
DA:18,0
DA:19,0
DA:21,0
DA:25,1
DA:26,2
DA:27,2
DA:28,1
DA:31,1
DA:32,1
DA:33,1
DA:35,1
DA:36,1
DA:37,1
DA:39,1
DA:50,1
DA:51,1
DA:52,0
DA:53,0
DA:54,0
DA:78,0
DA:82,0
DA:85,1
DA:87,0
DA:91,1
DA:92,2
DA:94,2
DA:95,2
DA:96,2
DA:97,0
DA:100,2
DA:101,1
DA:104,1
DA:105,1
DA:106,1
DA:107,1
DA:109,1
DA:110,1
DA:111,0
DA:112,0
DA:115,0
DA:116,0
DA:142,0
DA:146,0
DA:147,0
DA:179,0
DA:183,0
DA:186,1
DA:188,0
DA:192,1
DA:193,0
DA:195,0
DA:196,0
DA:197,0
DA:198,0
DA:201,0
DA:203,0
DA:207,1
DA:208,0
DA:209,0
DA:210,0
DA:213,0
DA:215,0
DA:219,1
LF:75
LH:37
BRDA:27,0,0,1
BRDA:27,0,1,1
BRDA:27,1,0,2
BRDA:27,1,1,2
BRDA:27,1,2,1
BRDA:27,1,3,1
BRDA:27,1,4,1
BRDA:33,2,0,1
BRDA:33,2,1,0
BRDA:36,3,0,1
BRDA:36,3,1,0
BRDA:51,4,0,0
BRDA:51,4,1,1
BRDA:53,5,0,0
BRDA:53,5,1,0
BRDA:53,6,0,0
BRDA:53,6,1,0
BRDA:61,7,0,0
BRDA:61,7,1,0
BRDA:96,8,0,0
BRDA:96,8,1,2
BRDA:100,9,0,1
BRDA:100,9,1,1
BRDA:110,10,0,0
BRDA:110,10,1,1
BRDA:115,11,0,0
BRDA:115,11,1,0
BRDA:115,12,0,0
BRDA:115,12,1,0
BRDA:123,13,0,0
BRDA:123,13,1,0
BRDA:128,14,0,0
BRDA:128,14,1,0
BRDA:129,15,0,0
BRDA:129,15,1,0
BRDA:146,16,0,0
BRDA:146,16,1,0
BRDA:146,17,0,0
BRDA:146,17,1,0
BRDA:154,18,0,0
BRDA:154,18,1,0
BRDA:165,19,0,0
BRDA:165,19,1,0
BRDA:166,20,0,0
BRDA:166,20,1,0
BRDA:197,21,0,0
BRDA:197,21,1,0
BRF:47
BRH:14
end_of_record
TN:
SF:controllers/donorController.js
FN:4,(anonymous_0)
FN:8,(anonymous_1)
FN:20,(anonymous_2)
FN:32,(anonymous_3)
FNF:4
FNH:3
FNDA:2,(anonymous_0)
FNDA:0,(anonymous_1)
FNDA:3,(anonymous_2)
FNDA:2,(anonymous_3)
DA:1,1
DA:2,1
DA:4,1
DA:5,2
DA:8,1
DA:9,0
DA:11,0
DA:12,0
DA:13,0
DA:14,0
DA:16,0
DA:20,1
DA:21,3
DA:23,3
DA:24,3
DA:25,2
DA:26,2
DA:28,1
DA:32,1
DA:33,2
DA:34,2
DA:35,2
DA:37,2
DA:38,1
DA:41,1
DA:42,1
DA:43,1
DA:44,0
DA:47,1
DA:48,1
DA:49,1
DA:59,0
DA:63,1
LF:33
LH:25
BRDA:37,0,0,1
BRDA:37,0,1,1
BRDA:37,1,0,2
BRDA:37,1,1,2
BRDA:43,2,0,0
BRDA:43,2,1,1
BRF:6
BRH:5
end_of_record
TN:
SF:middleware/requireDonorAuth.js
FN:4,(anonymous_0)
FNF:1
FNH:1
FNDA:12,(anonymous_0)
DA:1,1
DA:2,1
DA:4,1
DA:5,12
DA:7,12
DA:8,0
DA:11,12
DA:13,12
DA:14,12
DA:16,12
DA:17,12
DA:19,0
DA:20,0
DA:24,1
LF:14
LH:11
BRDA:7,0,0,0
BRDA:7,0,1,12
BRDA:7,1,0,12
BRDA:7,1,1,12
BRF:4
BRH:3
end_of_record
TN:
SF:middleware/requireNGOAuth.js
FN:4,(anonymous_0)
FNF:1
FNH:1
FNDA:21,(anonymous_0)
DA:1,1
DA:2,1
DA:4,1
DA:5,21
DA:6,21
DA:7,1
DA:10,20
DA:12,20
DA:13,20
DA:15,20
DA:16,20
DA:18,0
DA:19,0
DA:23,1
LF:14
LH:12
BRDA:6,0,0,1
BRDA:6,0,1,20
BRDA:6,1,0,21
BRDA:6,1,1,20
BRF:4
BRH:4
end_of_record
TN:
SF:models/NGOModel.js
FN:29,(anonymous_0)
FN:58,(anonymous_1)
FNF:2
FNH:1
FNDA:0,(anonymous_0)
FNDA:3,(anonymous_1)
DA:1,1
DA:2,1
DA:3,1
DA:4,1
DA:6,1
DA:29,1
DA:30,0
DA:32,0
DA:33,0
DA:36,0
DA:37,0
DA:40,0
DA:41,0
DA:46,0
DA:47,0
DA:50,0
DA:51,0
DA:53,0
DA:55,0
DA:58,1
DA:59,3
DA:61,3
DA:62,1
DA:64,2
DA:65,0
DA:68,2
DA:69,2
DA:70,0
DA:72,2
DA:75,1
DA:76,1
LF:31
LH:16
BRDA:32,0,0,0
BRDA:32,0,1,0
BRDA:32,1,0,0
BRDA:32,1,1,0
BRDA:32,1,2,0
BRDA:32,1,3,0
BRDA:36,2,0,0
BRDA:36,2,1,0
BRDA:40,3,0,0
BRDA:40,3,1,0
BRDA:46,4,0,0
BRDA:46,4,1,0
BRDA:61,5,0,1
BRDA:61,5,1,2
BRDA:61,6,0,3
BRDA:61,6,1,2
BRDA:64,7,0,0
BRDA:64,7,1,2
BRDA:69,8,0,0
BRDA:69,8,1,2
BRF:20
BRH:6
end_of_record
TN:
SF:models/donateBooksModel.js
FN:22,(anonymous_0)
FN:25,(anonymous_1)
FNF:2
FNH:0
FNDA:0,(anonymous_0)
FNDA:0,(anonymous_1)
DA:1,1
DA:2,1
DA:4,1
DA:23,0
DA:25,0
DA:55,1
DA:56,1
LF:7
LH:5
BRF:0
BRH:0
end_of_record
TN:
SF:models/donateClothesModel.js
FN:22,(anonymous_0)
FN:25,(anonymous_1)
FNF:2
FNH:0
FNDA:0,(anonymous_0)
FNDA:0,(anonymous_1)
DA:1,1
DA:2,1
DA:4,1
DA:23,0
DA:25,0
DA:55,1
DA:56,1
LF:7
LH:5
BRF:0
BRH:0
end_of_record
TN:
SF:models/donateFoodModel.js
FN:26,(anonymous_0)
FN:29,(anonymous_1)
FNF:2
FNH:0
FNDA:0,(anonymous_0)
FNDA:0,(anonymous_1)
DA:1,1
DA:2,1
DA:4,1
DA:27,0
DA:29,0
DA:59,1
DA:60,1
LF:7
LH:5
BRF:0
BRH:0
end_of_record
TN:
SF:models/donorModel.js
FN:41,(anonymous_0)
FN:82,(anonymous_1)
FN:99,(anonymous_2)
FN:106,(anonymous_3)
FNF:4
FNH:3
FNDA:0,(anonymous_0)
FNDA:3,(anonymous_1)
FNDA:1,(anonymous_2)
FNDA:9,(anonymous_3)
DA:1,1
DA:2,1
DA:3,1
DA:4,1
DA:6,1
DA:41,1
DA:48,0
DA:50,0
DA:51,0
DA:54,0
DA:55,0
DA:58,0
DA:59,0
DA:64,0
DA:65,0
DA:68,0
DA:69,0
DA:71,0
DA:79,0
DA:82,1
DA:83,3
DA:85,3
DA:86,0
DA:88,3
DA:89,0
DA:92,3
DA:93,3
DA:94,1
DA:96,2
DA:99,1
DA:100,1
DA:101,0
DA:104,1
DA:105,1
DA:106,9
DA:107,1
DA:109,1
DA:112,1
DA:113,1
LF:39
LH:23
BRDA:50,0,0,0
BRDA:50,0,1,0
BRDA:50,1,0,0
BRDA:50,1,1,0
BRDA:50,1,2,0
BRDA:50,1,3,0
BRDA:50,1,4,0
BRDA:54,2,0,0
BRDA:54,2,1,0
BRDA:58,3,0,0
BRDA:58,3,1,0
BRDA:64,4,0,0
BRDA:64,4,1,0
BRDA:85,5,0,0
BRDA:85,5,1,3
BRDA:85,6,0,3
BRDA:85,6,1,3
BRDA:88,7,0,0
BRDA:88,7,1,3
BRDA:93,8,0,1
BRDA:93,8,1,2
BRDA:100,9,0,0
BRDA:100,9,1,1
BRDA:100,10,0,1
BRDA:100,10,1,1
BRF:25
BRH:9
end_of_record
TN:
SF:routes/NGO.js
FNF:0
FNH:0
DA:1,1
DA:2,1
DA:4,1
DA:6,1
DA:7,1
DA:9,1
LF:6
LH:6
BRF:0
BRH:0
end_of_record
TN:
SF:routes/booksDonor.js
FNF:0
FNH:0
DA:1,1
DA:2,1
DA:3,1
DA:5,1
DA:6,1
DA:8,1
DA:9,1
DA:10,1
DA:12,1
LF:9
LH:9
BRF:0
BRH:0
end_of_record
TN:
SF:routes/booksNGO.js
FNF:0
FNH:0
DA:1,1
DA:2,1
DA:3,1
DA:5,1
DA:6,1
DA:8,1
DA:9,1
DA:10,1
DA:12,1
LF:9
LH:9
BRF:0
BRH:0
end_of_record
TN:
SF:routes/clothesDonor.js
FNF:0
FNH:0
DA:1,1
DA:2,1
DA:3,1
DA:5,1
DA:6,1
DA:8,1
DA:9,1
DA:10,1
DA:12,1
LF:9
LH:9
BRF:0
BRH:0
end_of_record
TN:
SF:routes/clothesNGO.js
FNF:0
FNH:0
DA:1,1
DA:2,1
DA:3,1
DA:5,1
DA:6,1
DA:8,1
DA:9,1
DA:10,1
DA:12,1
LF:9
LH:9
BRF:0
BRH:0
end_of_record
TN:
SF:routes/donor.js
FNF:0
FNH:0
DA:1,1
DA:2,1
DA:3,1
DA:5,1
DA:7,1
DA:8,1
DA:9,1
DA:10,1
DA:12,1
LF:9
LH:9
BRF:0
BRH:0
end_of_record
TN:
SF:routes/foodDonor.js
FNF:0
FNH:0
DA:1,1
DA:2,1
DA:3,1
DA:5,1
DA:6,1
DA:8,1
DA:9,1
DA:10,1
DA:12,1
LF:9
LH:9
BRF:0
BRH:0
end_of_record
TN:
SF:routes/foodNGO.js
FNF:0
FNH:0
DA:1,1
DA:2,1
DA:3,1
DA:5,1
DA:6,1
DA:8,1
DA:9,1
DA:10,1
DA:12,1
LF:9
LH:9
BRF:0
BRH:0
end_of_record
